<?xml version="1.0" encoding="UTF-8"?>
<testsuite xmlns:xsi="http://www.w3.org/2001/XMLSchema-instance" xsi:noNamespaceSchemaLocation="https://maven.apache.org/surefire/maven-surefire-plugin/xsd/surefire-test-report-3.0.xsd" version="3.0" name="karateapi.TestRunner" time="5.402" tests="1" errors="0" skipped="0" failures="0">
  <properties>
[...]
</properties>
  <testcase name="[1:3] testing get todo list" classname="karateapi/todo" time="3.686">
    <system-out><![CDATA[00:01:12.278 [main] DEBUG io.netty.util.internal.logging.InternalLoggerFactory - Using SLF4J as the default logging framework
00:01:12.285 [main] DEBUG io.netty.util.internal.PlatformDependent0 - -Dio.netty.noUnsafe: false
00:01:12.285 [main] DEBUG io.netty.util.internal.PlatformDependent0 - Java version: 17
00:01:12.286 [main] DEBUG io.netty.util.internal.PlatformDependent0 - sun.misc.Unsafe.theUnsafe: available
00:01:12.287 [main] DEBUG io.netty.util.internal.PlatformDependent0 - sun.misc.Unsafe.copyMemory: available
00:01:12.288 [main] DEBUG io.netty.util.internal.PlatformDependent0 - sun.misc.Unsafe.storeFence: available
00:01:12.288 [main] DEBUG io.netty.util.internal.PlatformDependent0 - java.nio.Buffer.address: available
00:01:12.289 [main] DEBUG io.netty.util.internal.PlatformDependent0 - direct buffer constructor: unavailable: Reflective setAccessible(true) disabled
00:01:12.289 [main] DEBUG io.netty.util.internal.PlatformDependent0 - java.nio.Bits.unaligned: available, true
00:01:12.291 [main] DEBUG io.netty.util.internal.PlatformDependent0 - jdk.internal.misc.Unsafe.allocateUninitializedArray(int): unavailable: class io.netty.util.internal.PlatformDependent0$7 cannot access class jdk.internal.misc.Unsafe (in module java.base) because module java.base does not export jdk.internal.misc to unnamed module @281e3708
00:01:12.292 [main] DEBUG io.netty.util.internal.PlatformDependent0 - java.nio.DirectByteBuffer.<init>(long, {int,long}): unavailable
00:01:12.292 [main] DEBUG io.netty.util.internal.PlatformDependent - sun.misc.Unsafe: available
00:01:12.294 [main] DEBUG io.netty.util.internal.PlatformDependent - maxDirectMemory: 3191865344 bytes (maybe)
00:01:12.294 [main] DEBUG io.netty.util.internal.PlatformDependent - -Dio.netty.tmpdir: C:\Users\Admin\AppData\Local\Temp (java.io.tmpdir)
00:01:12.294 [main] DEBUG io.netty.util.internal.PlatformDependent - -Dio.netty.bitMode: 64 (sun.arch.data.model)
00:01:12.295 [main] DEBUG io.netty.util.internal.PlatformDependent - Platform: Windows
00:01:12.296 [main] DEBUG io.netty.util.internal.PlatformDependent - -Dio.netty.maxDirectMemory: -1 bytes
00:01:12.296 [main] DEBUG io.netty.util.internal.PlatformDependent - -Dio.netty.uninitializedArrayAllocationThreshold: -1
00:01:12.298 [main] DEBUG io.netty.util.internal.CleanerJava9 - java.nio.ByteBuffer.cleaner(): available
00:01:12.298 [main] DEBUG io.netty.util.internal.PlatformDependent - -Dio.netty.noPreferDirect: false
00:01:12.671 [main] DEBUG org.apache.http.client.protocol.RequestAddCookies - CookieSpec selected: karate
00:01:12.682 [main] DEBUG org.apache.http.client.protocol.RequestAuthCache - Auth cache not set in the context
00:01:12.685 [main] DEBUG com.intuit.karate - request:
1 > GET https://jsonplaceholder.typicode.com/todos
1 > Content-Type: text/plain; charset=UTF-8
1 > Content-Length: 36
1 > Host: jsonplaceholder.typicode.com
1 > Connection: Keep-Alive
1 > User-Agent: Apache-HttpClient/4.5.11 (Java/17.0.2)
1 > Accept-Encoding: gzip,deflate
{"name": "morpheus","job": "leader"}

00:01:12.687 [main] DEBUG org.apache.http.impl.conn.PoolingHttpClientConnectionManager - Connection request: [route: {s}->https://jsonplaceholder.typicode.com:443][total available: 0; route allocated: 0 of 5; total allocated: 0 of 10]
00:01:12.703 [main] DEBUG org.apache.http.impl.conn.PoolingHttpClientConnectionManager - Connection leased: [id: 0][route: {s}->https://jsonplaceholder.typicode.com:443][total available: 0; route allocated: 1 of 5; total allocated: 1 of 10]
00:01:12.705 [main] DEBUG org.apache.http.impl.execchain.MainClientExec - Opening connection {s}->https://jsonplaceholder.typicode.com:443
00:01:12.763 [main] DEBUG org.apache.http.impl.conn.DefaultHttpClientConnectionOperator - Connecting to jsonplaceholder.typicode.com/172.67.167.151:443
00:01:12.764 [main] DEBUG org.apache.http.conn.ssl.SSLConnectionSocketFactory - Connecting socket to jsonplaceholder.typicode.com/172.67.167.151:443 with timeout 30000
00:01:12.873 [main] DEBUG org.apache.http.conn.ssl.SSLConnectionSocketFactory - Enabled protocols: [TLSv1.3, TLSv1.2]
00:01:12.873 [main] DEBUG org.apache.http.conn.ssl.SSLConnectionSocketFactory - Enabled cipher suites:[TLS_AES_256_GCM_SHA384, TLS_AES_128_GCM_SHA256, TLS_CHACHA20_POLY1305_SHA256, TLS_ECDHE_ECDSA_WITH_AES_256_GCM_SHA384, TLS_ECDHE_ECDSA_WITH_AES_128_GCM_SHA256, TLS_ECDHE_ECDSA_WITH_CHACHA20_POLY1305_SHA256, TLS_ECDHE_RSA_WITH_AES_256_GCM_SHA384, TLS_ECDHE_RSA_WITH_CHACHA20_POLY1305_SHA256, TLS_ECDHE_RSA_WITH_AES_128_GCM_SHA256, TLS_DHE_RSA_WITH_AES_256_GCM_SHA384, TLS_DHE_RSA_WITH_CHACHA20_POLY1305_SHA256, TLS_DHE_DSS_WITH_AES_256_GCM_SHA384, TLS_DHE_RSA_WITH_AES_128_GCM_SHA256, TLS_DHE_DSS_WITH_AES_128_GCM_SHA256, TLS_ECDHE_ECDSA_WITH_AES_256_CBC_SHA384, TLS_ECDHE_RSA_WITH_AES_256_CBC_SHA384, TLS_ECDHE_ECDSA_WITH_AES_128_CBC_SHA256, TLS_ECDHE_RSA_WITH_AES_128_CBC_SHA256, TLS_DHE_RSA_WITH_AES_256_CBC_SHA256, TLS_DHE_DSS_WITH_AES_256_CBC_SHA256, TLS_DHE_RSA_WITH_AES_128_CBC_SHA256, TLS_DHE_DSS_WITH_AES_128_CBC_SHA256, TLS_ECDH_ECDSA_WITH_AES_256_GCM_SHA384, TLS_ECDH_RSA_WITH_AES_256_GCM_SHA384, TLS_ECDH_ECDSA_WITH_AES_128_GCM_SHA256, TLS_ECDH_RSA_WITH_AES_128_GCM_SHA256, TLS_ECDH_ECDSA_WITH_AES_256_CBC_SHA384, TLS_ECDH_RSA_WITH_AES_256_CBC_SHA384, TLS_ECDH_ECDSA_WITH_AES_128_CBC_SHA256, TLS_ECDH_RSA_WITH_AES_128_CBC_SHA256, TLS_ECDHE_ECDSA_WITH_AES_256_CBC_SHA, TLS_ECDHE_RSA_WITH_AES_256_CBC_SHA, TLS_ECDHE_ECDSA_WITH_AES_128_CBC_SHA, TLS_ECDHE_RSA_WITH_AES_128_CBC_SHA, TLS_DHE_RSA_WITH_AES_256_CBC_SHA, TLS_DHE_DSS_WITH_AES_256_CBC_SHA, TLS_DHE_RSA_WITH_AES_128_CBC_SHA, TLS_DHE_DSS_WITH_AES_128_CBC_SHA, TLS_ECDH_ECDSA_WITH_AES_256_CBC_SHA, TLS_ECDH_RSA_WITH_AES_256_CBC_SHA, TLS_ECDH_ECDSA_WITH_AES_128_CBC_SHA, TLS_ECDH_RSA_WITH_AES_128_CBC_SHA, TLS_RSA_WITH_AES_256_GCM_SHA384, TLS_RSA_WITH_AES_128_GCM_SHA256, TLS_RSA_WITH_AES_256_CBC_SHA256, TLS_RSA_WITH_AES_128_CBC_SHA256, TLS_RSA_WITH_AES_256_CBC_SHA, TLS_RSA_WITH_AES_128_CBC_SHA, TLS_EMPTY_RENEGOTIATION_INFO_SCSV]
00:01:12.874 [main] DEBUG org.apache.http.conn.ssl.SSLConnectionSocketFactory - Starting handshake
00:01:13.114 [main] DEBUG org.apache.http.conn.ssl.SSLConnectionSocketFactory - Secure session established
00:01:13.114 [main] DEBUG org.apache.http.conn.ssl.SSLConnectionSocketFactory -  negotiated protocol: TLSv1.3
00:01:13.114 [main] DEBUG org.apache.http.conn.ssl.SSLConnectionSocketFactory -  negotiated cipher suite: TLS_AES_256_GCM_SHA384
00:01:13.114 [main] DEBUG org.apache.http.conn.ssl.SSLConnectionSocketFactory -  peer principal: CN=typicode.com
00:01:13.114 [main] DEBUG org.apache.http.conn.ssl.SSLConnectionSocketFactory -  peer alternative names: [*.typicode.com, typicode.com]
00:01:13.115 [main] DEBUG org.apache.http.conn.ssl.SSLConnectionSocketFactory -  issuer principal: CN=E1, O=Let's Encrypt, C=US
00:01:13.118 [main] DEBUG org.apache.http.impl.conn.DefaultHttpClientConnectionOperator - Connection established 10.0.0.16:50743<->172.67.167.151:443
00:01:13.118 [main] DEBUG org.apache.http.impl.conn.DefaultManagedHttpClientConnection - http-outgoing-0: set socket timeout to 30000
00:01:13.119 [main] DEBUG org.apache.http.impl.execchain.MainClientExec - Executing request GET /todos HTTP/1.1
00:01:13.119 [main] DEBUG org.apache.http.impl.execchain.MainClientExec - Target auth state: UNCHALLENGED
00:01:13.119 [main] DEBUG org.apache.http.impl.execchain.MainClientExec - Proxy auth state: UNCHALLENGED
00:01:13.121 [main] DEBUG org.apache.http.headers - http-outgoing-0 >> GET /todos HTTP/1.1
00:01:13.121 [main] DEBUG org.apache.http.headers - http-outgoing-0 >> Content-Type: text/plain; charset=UTF-8
00:01:13.121 [main] DEBUG org.apache.http.headers - http-outgoing-0 >> Content-Length: 36
00:01:13.121 [main] DEBUG org.apache.http.headers - http-outgoing-0 >> Host: jsonplaceholder.typicode.com
00:01:13.121 [main] DEBUG org.apache.http.headers - http-outgoing-0 >> Connection: Keep-Alive
00:01:13.121 [main] DEBUG org.apache.http.headers - http-outgoing-0 >> User-Agent: Apache-HttpClient/4.5.11 (Java/17.0.2)
00:01:13.121 [main] DEBUG org.apache.http.headers - http-outgoing-0 >> Accept-Encoding: gzip,deflate
00:01:13.122 [main] DEBUG org.apache.http.wire - http-outgoing-0 >> "GET /todos HTTP/1.1[\r][\n]"
00:01:13.122 [main] DEBUG org.apache.http.wire - http-outgoing-0 >> "Content-Type: text/plain; charset=UTF-8[\r][\n]"
00:01:13.122 [main] DEBUG org.apache.http.wire - http-outgoing-0 >> "Content-Length: 36[\r][\n]"
00:01:13.122 [main] DEBUG org.apache.http.wire - http-outgoing-0 >> "Host: jsonplaceholder.typicode.com[\r][\n]"
00:01:13.122 [main] DEBUG org.apache.http.wire - http-outgoing-0 >> "Connection: Keep-Alive[\r][\n]"
00:01:13.122 [main] DEBUG org.apache.http.wire - http-outgoing-0 >> "User-Agent: Apache-HttpClient/4.5.11 (Java/17.0.2)[\r][\n]"
00:01:13.122 [main] DEBUG org.apache.http.wire - http-outgoing-0 >> "Accept-Encoding: gzip,deflate[\r][\n]"
00:01:13.122 [main] DEBUG org.apache.http.wire - http-outgoing-0 >> "[\r][\n]"
00:01:13.122 [main] DEBUG org.apache.http.wire - http-outgoing-0 >> "{"name": "morpheus","job": "leader"}"
00:01:13.167 [main] DEBUG org.apache.http.wire - http-outgoing-0 << "HTTP/1.1 200 OK[\r][\n]"
00:01:13.168 [main] DEBUG org.apache.http.wire - http-outgoing-0 << "Date: Sun, 03 Mar 2024 06:01:04 GMT[\r][\n]"
00:01:13.168 [main] DEBUG org.apache.http.wire - http-outgoing-0 << "Content-Type: application/json; charset=utf-8[\r][\n]"
00:01:13.168 [main] DEBUG org.apache.http.wire - http-outgoing-0 << "Transfer-Encoding: chunked[\r][\n]"
00:01:13.169 [main] DEBUG org.apache.http.wire - http-outgoing-0 << "Connection: keep-alive[\r][\n]"
00:01:13.169 [main] DEBUG org.apache.http.wire - http-outgoing-0 << "Report-To: {"group":"heroku-nel","max_age":3600,"endpoints":[{"url":"https://nel.heroku.com/reports?ts=1708954268&sid=e11707d5-02a7-43ef-b45e-2cf4d2036f7d&s=sbQ%2B55Nja7rZ7rLoUdyZaT6uHG%2FC7SxrAkQQqIu1AjY%3D"}]}[\r][\n]"
00:01:13.169 [main] DEBUG org.apache.http.wire - http-outgoing-0 << "Reporting-Endpoints: heroku-nel=https://nel.heroku.com/reports?ts=1708954268&sid=e11707d5-02a7-43ef-b45e-2cf4d2036f7d&s=sbQ%2B55Nja7rZ7rLoUdyZaT6uHG%2FC7SxrAkQQqIu1AjY%3D[\r][\n]"
00:01:13.170 [main] DEBUG org.apache.http.wire - http-outgoing-0 << "Nel: {"report_to":"heroku-nel","max_age":3600,"success_fraction":0.005,"failure_fraction":0.05,"response_headers":["Via"]}[\r][\n]"
00:01:13.170 [main] DEBUG org.apache.http.wire - http-outgoing-0 << "X-Powered-By: Express[\r][\n]"
00:01:13.171 [main] DEBUG org.apache.http.wire - http-outgoing-0 << "X-Ratelimit-Limit: 1000[\r][\n]"
00:01:13.171 [main] DEBUG org.apache.http.wire - http-outgoing-0 << "X-Ratelimit-Remaining: 999[\r][\n]"
00:01:13.171 [main] DEBUG org.apache.http.wire - http-outgoing-0 << "X-Ratelimit-Reset: 1708954319[\r][\n]"
00:01:13.171 [main] DEBUG org.apache.http.wire - http-outgoing-0 << "Vary: Origin, Accept-Encoding[\r][\n]"
00:01:13.172 [main] DEBUG org.apache.http.wire - http-outgoing-0 << "Access-Control-Allow-Credentials: true[\r][\n]"
00:01:13.172 [main] DEBUG org.apache.http.wire - http-outgoing-0 << "Cache-Control: max-age=43200[\r][\n]"
00:01:13.172 [main] DEBUG org.apache.http.wire - http-outgoing-0 << "Pragma: no-cache[\r][\n]"
00:01:13.173 [main] DEBUG org.apache.http.wire - http-outgoing-0 << "Expires: -1[\r][\n]"
00:01:13.173 [main] DEBUG org.apache.http.wire - http-outgoing-0 << "X-Content-Type-Options: nosniff[\r][\n]"
00:01:13.173 [main] DEBUG org.apache.http.wire - http-outgoing-0 << "Etag: W/"5ef7-4Ad6/n39KWY9q6Ykm/ULNQ2F5IM"[\r][\n]"
00:01:13.174 [main] DEBUG org.apache.http.wire - http-outgoing-0 << "Content-Encoding: gzip[\r][\n]"
00:01:13.174 [main] DEBUG org.apache.http.wire - http-outgoing-0 << "Via: 1.1 vegur[\r][\n]"
00:01:13.174 [main] DEBUG org.apache.http.wire - http-outgoing-0 << "CF-Cache-Status: HIT[\r][\n]"
00:01:13.174 [main] DEBUG org.apache.http.wire - http-outgoing-0 << "Age: 14436[\r][\n]"
00:01:13.175 [main] DEBUG org.apache.http.wire - http-outgoing-0 << "Server: cloudflare[\r][\n]"
00:01:13.175 [main] DEBUG org.apache.http.wire - http-outgoing-0 << "CF-RAY: 85e768ea0e5d2c48-ORD[\r][\n]"
00:01:13.175 [main] DEBUG org.apache.http.wire - http-outgoing-0 << "alt-svc: h3=":443"; ma=86400[\r][\n]"
00:01:13.175 [main] DEBUG org.apache.http.wire - http-outgoing-0 << "[\r][\n]"
00:01:13.176 [main] DEBUG org.apache.http.wire - http-outgoing-0 << "fa5[\r][\n]"
00:01:13.176 [main] DEBUG org.apache.http.wire - http-outgoing-0 << "[0x1f][0x8b][0x8][0x0][0x0][0x0][0x0][0x0][0x0][0x3][0xad]\[0xcb][0xae][0xdc]8[0xe][0xdd][0xf7]W[0x18]Y[0xf7]"[0xc9][0xcd]s[0xfe][0xa0][0xbf]a0[0xb]][I[0x4][0x94][0xed]j?[0x82][0x0][0x83][0xf9][0xf7][0xe1]C[0xf]J[0x94]+e[0xab][0x17][\r]t2=EJ[0xa2][0xe][0xf][0xf])[0xff][0xfb][0x8f][0xae][0xfb]/[0xfc][0xd3]uo[0xf6][0xd5].[\r]o[0xfe][0xd5][0xbd][0xfb][0x93][0xff][0xc2][0xc9]?ln[0xbb]Y[0xf8][0xf3][0x9b][0xc1][0xde]l[0xbf][0xed]kg[0xf6][\r][0xff][0xb1][0xe3][0x1b][0xff][0x9f][0xf4][0xf3]x[0xbf][0xd9][0xcd][0xe2][0xff][0xed][0x9b][0xb9][0xad][0x16][0xfe][0xfa][0xfe][0xce][0xc0][0xfb][0xd2][0xc0][0xdf][0xbb][;[0xf8][0xed][0xc9][0x8c][0xf0]3[0xbd][0xbb][0xc1][0x1f][0xed][0xd6][0xcd][0xdf][0xbe][0xb9][0xde][0x99][0xe][0xfe][0xe7]6[0x83]/[0xa5][0xc1]o[0xfb]wg[0xb6][0xee][0xa7][0x9d][0x1c][0x98][0x1c][0xdd][0xb4][0xaf]m[0x16]>[0x94][0x16][0xc0][0xfd][0xfb][0xbc],s[0x7][0xbb][0x5][0xff]bj?[0xbf]-[0xfb]s[0xbf][0xfe][0xb1][0xfc][0xf5][0x9b]y[0x9d][0x17]7[0xaf][0xe8][0xfc]|[0xbb][0xb9][\r]v[0x9],[0xc2]rF[0xd8]-[0xb3][0xba][0xce]"
00:01:13.185 [main] DEBUG org.apache.http.headers - http-outgoing-0 << HTTP/1.1 200 OK
00:01:13.186 [main] DEBUG org.apache.http.headers - http-outgoing-0 << Date: Sun, 03 Mar 2024 06:01:04 GMT
00:01:13.186 [main] DEBUG org.apache.http.headers - http-outgoing-0 << Content-Type: application/json; charset=utf-8
00:01:13.186 [main] DEBUG org.apache.http.headers - http-outgoing-0 << Transfer-Encoding: chunked
00:01:13.186 [main] DEBUG org.apache.http.headers - http-outgoing-0 << Connection: keep-alive
00:01:13.186 [main] DEBUG org.apache.http.headers - http-outgoing-0 << Report-To: {"group":"heroku-nel","max_age":3600,"endpoints":[{"url":"https://nel.heroku.com/reports?ts=1708954268&sid=e11707d5-02a7-43ef-b45e-2cf4d2036f7d&s=sbQ%2B55Nja7rZ7rLoUdyZaT6uHG%2FC7SxrAkQQqIu1AjY%3D"}]}
00:01:13.187 [main] DEBUG org.apache.http.headers - http-outgoing-0 << Reporting-Endpoints: heroku-nel=https://nel.heroku.com/reports?ts=1708954268&sid=e11707d5-02a7-43ef-b45e-2cf4d2036f7d&s=sbQ%2B55Nja7rZ7rLoUdyZaT6uHG%2FC7SxrAkQQqIu1AjY%3D
00:01:13.187 [main] DEBUG org.apache.http.headers - http-outgoing-0 << Nel: {"report_to":"heroku-nel","max_age":3600,"success_fraction":0.005,"failure_fraction":0.05,"response_headers":["Via"]}
00:01:13.187 [main] DEBUG org.apache.http.headers - http-outgoing-0 << X-Powered-By: Express
00:01:13.187 [main] DEBUG org.apache.http.headers - http-outgoing-0 << X-Ratelimit-Limit: 1000
00:01:13.188 [main] DEBUG org.apache.http.headers - http-outgoing-0 << X-Ratelimit-Remaining: 999
00:01:13.189 [main] DEBUG org.apache.http.headers - http-outgoing-0 << X-Ratelimit-Reset: 1708954319
00:01:13.191 [main] DEBUG org.apache.http.headers - http-outgoing-0 << Vary: Origin, Accept-Encoding
00:01:13.192 [main] DEBUG org.apache.http.headers - http-outgoing-0 << Access-Control-Allow-Credentials: true
00:01:13.192 [main] DEBUG org.apache.http.headers - http-outgoing-0 << Cache-Control: max-age=43200
00:01:13.192 [main] DEBUG org.apache.http.headers - http-outgoing-0 << Pragma: no-cache
00:01:13.192 [main] DEBUG org.apache.http.headers - http-outgoing-0 << Expires: -1
00:01:13.192 [main] DEBUG org.apache.http.headers - http-outgoing-0 << X-Content-Type-Options: nosniff
00:01:13.193 [main] DEBUG org.apache.http.headers - http-outgoing-0 << Etag: W/"5ef7-4Ad6/n39KWY9q6Ykm/ULNQ2F5IM"
00:01:13.194 [main] DEBUG org.apache.http.headers - http-outgoing-0 << Content-Encoding: gzip
00:01:13.194 [main] DEBUG org.apache.http.headers - http-outgoing-0 << Via: 1.1 vegur
00:01:13.194 [main] DEBUG org.apache.http.headers - http-outgoing-0 << CF-Cache-Status: HIT
00:01:13.195 [main] DEBUG org.apache.http.headers - http-outgoing-0 << Age: 14436
00:01:13.196 [main] DEBUG org.apache.http.headers - http-outgoing-0 << Server: cloudflare
00:01:13.196 [main] DEBUG org.apache.http.headers - http-outgoing-0 << CF-RAY: 85e768ea0e5d2c48-ORD
00:01:13.196 [main] DEBUG org.apache.http.headers - http-outgoing-0 << alt-svc: h3=":443"; ma=86400
00:01:13.220 [main] DEBUG org.apache.http.impl.execchain.MainClientExec - Connection can be kept alive indefinitely
00:01:13.227 [main] DEBUG org.apache.http.wire - http-outgoing-0 << "[0xc][0xee][0xee][0xd6][0xde][0xe1][0xe6][0x99][0xee][0xbe][0xcc]?[0xdd]`[0xa7][0xad]s[0xb7][0xdb][0xde]x|[0x9f]*[0xc7][0xd7][0xed][0xb7][0x1b]8[0xb3][0x98][0xcd][0xcd][0x93]E[0xa3][0xaf][0xfb]:[0xc0][0xdf][0xfc][0x9c]o[0xfb]}3[0xb0][0xb][0xec][0xc9]<N[0xae]q[0xaf]?[0x97][0xf6]aMsg[0xdd][0xed][0xe0]6[0xd3][0xf5][0xf3][0xb4]Z[0xd8][0x84]m_[0xd8][0xa4][0x9b][0xda][0xec]}[0xd1][0xeb][0x9d][0xd3][0xfe][0x86]=[0x1f]1[0x80][0xcd]k[0xd3]9--[0xc1][0xe1][0xda][0x15][0xe][0xd7]vw[0xbb][0xac]w[0xbc][\r][0x1b][0xdc][\r]w_[0xab][0x1][0xf5][0xfc][0x9a][0xde][0xbd][0xad]o[0xe2][0xba][0xc5]3[0x1c][0xe6][0xdb][0xbc][0xd8][0xf1][0xef][0xdd][0xf2]6[0x8e][0xc6][0xc1][0x9f][0x9][0x4][0x9a][0x16][0xf9]N[0xe1][0xcb]O[0xb][0xf7]d[0xb1][0xcb]>[0xfa][0xdb][0x82][0xc1][0xc3][0xf6][0xdb],)[0xa0][0xc1][0x8d][0x3]Kw{[0xbb][0xd9]i[0x0]#[0x8][0x4][0x80];n[0xad]"[0xcc][0xf3][0x96][0x14][0xc2][0xc0]m[0x14][0x1b]8[0xe1][0xf5]h<1[0x5]1r[0x1d][0xeb]>[0x5][0x83]pBK[0xff][0xc3]m[0x0][0xd9]s[0xbc]~[0xf5];[0xff][0xfc][0xfa][0x14][0x2][0x99]W[0xf1][0xdb][0x9d][0x19]a[0xbd][0xfe][0xcf][0xd5][0xdb][0xfd][0xbc]%[0x85].[0xa6][0xef]w[0x0]:X[0xa4][0x9d][0xd7][0x98][0x1e]V[0x7][0xb][0xb6][0x94][0x8e][0x4][0xc6][0xb4][0x99]V[0xc0][0x82][0x17]]@-[0xe6][0xc1][0x9][0xb0][0x96][0x8c][0x1e]$[0xa5][0xe7][0xad])X[0xa1][0xe3][0x83][0xcd][0xc4]K(A[0xcc][0x9a][0x4][0xf2]n[0xea][0xfa][0xfd]vo[0x8d][0xa5][0x7]@CWD[0xee]*][0xc6][0xbb]Y[0x1c]9CN[0xc2][0x85][0xf9][0xe1]nM[0xcb][0xaf][0x0][0x88]3[0xc8]4[0xbf][0xc2][0xe9][0xde][0xdc]+b[0xc2]j[0xee][0xe][0x92][0x96][0x5][0xb4][0xed][0xe6];[0xc0][0x12][0x1d][0xfb]Y[0xbb][0xef]3[0xbb][\n]"
00:01:13.227 [main] DEBUG org.apache.http.wire - http-outgoing-0 << "}[0xd6][0x1d]`[0xfc][0xe]([0xc0][0xf7][0x9]h[0x81]][0xd7][0x83][0x14][0xe6][0xa6][0xde][\r]{[0xdd][0x85][0x87][0xdb][0x9f][0xfb][0xa0]pip[0xb0][0xf9]S[0x8f]+[0xfc][0x9]9[0xcc]2[0xcb][0xe2]m[0xc6][0xbc][0x12][0x8e]g[0x5][0xb7][0xe6][0xb6][0xf5][0xd7][0x90][\n]"
00:01:13.228 [main] DEBUG org.apache.http.wire - http-outgoing-0 << "L[0x12]J[0xd9][0x1e][0x96][0xee][0xc2][0x99][0x8f][0xe6][0x97][0x1b]m[0x97]B[0x3][0xf3]<[0xb2][0xb][0xe0]M[0x10][0x8d][0x8d]{[0xa0][0xe0],f[0xd4]i[0x9e][0xf0][0xc0][0x7][0xd7]o[0xc4][0xfd][0x18]][0xc0][0xb0][0x85][0xd4][0xc4][0x1]H[0xfe][0xd9][0xf3][0xb7] wA[0x81]Z@0[0xdc]eHE[0x93][0xc5][0x88][0xcf]2/[0xb0][0x8c][0x9b][0xeb][0x1][0x12][0x80][0xab]nu[0xd2][0xf8][0xfc]Qh[0xa8][0xbb]9b[0x12][0x8c]/[0xe6]|R[0xca]_[0xe1][0x19]$Z:]y[0x9f]=[0xb7]o[0xb3][0xa4][0xb0]l[0xb2]p[0x92][0x98][0x93][0xb6]y[0x83][0x5]APu[0xaf]73[0x1]As[0x4][0xde][0xad][0xd1][0xa3][0x0][0x8c]`z[0xe7][0xad][0x3][0x90][0xc4]ml3[0xf1][0xa2][0x0]j[0xb2][0xe3][0x9c]GCD[0x8c][0xdd][0xc7]e[0x0].09[0xce][0x83][0x93]k>$[0xbe]O[0xef][0xf2][0x8b][0x82].[0xb0][0xbf][0xf][0xe]L[0xc0][0xe5][0xe4][0x8d][0x86][0xa5]c[0xfa][0xa0][0xec][0x8][0xa9][0xd2].[0x16])N[0xe3]EyQxe[\r][0xee][0xb5][0xbc][0x8a][0x5]]<O[0xf1]s[0x8b][\n]"
00:01:13.228 [main] DEBUG org.apache.http.wire - http-outgoing-0 << "[0xa5]hE[0x18]F[0x94][0x9a]`[0x8f][0x1b][\r]([0xf8][0xe1]j[\r][0xbd][0x80]AK[0xd8][0x98][0x10][0xba][0xd1][0xb0][0x2][0x1d]I[0xe3][0xd2][0x5]M[0x88][0xcf]8[0xf8]([0xf3]<[0x1f]A[\n]"
00:01:13.228 [main] DEBUG org.apache.http.wire - http-outgoing-0 << "q[0xec][0xaf][0xde][0xde][0x1][0x7][0x9c] 7[0x1][0x87]E[0xde][0xb3][0xb8]+[0xb8][\r][0x9c][0x85][0xa9][0x88][0x84][0xff][0xb0][0xcd][0x19][0x5]ODb[0xfb]X[0x5][0xb4]F[0xad][0x2]%[0xbe]"T[0xcc]@[0x8e]i[0xfc]u[0x85]@[0xf9][0x5][0xf0][0xdc][0xc1][0xac][0x0][0x18]\7EhX[0x16][0xd8]V[0xe7]7[0x11][0xf3][0xdb][0xb5][0x9a]8s[0xe7][0x83]B+^[0xac][0xd9][0xd8][0x1f][0xc8]W[0x1e][0x91][0xcf][0x9e][0xd9]KfFA[0x10][0xa5],7p[0x8e]v#[0xd5][0xe0][0x19]{[0xa5][0x1d][0x98][0xe8]_[0xef]7@$[0xe4]Wt[0xa3][0xbc][0x6][0x13][0xe8][0xd7][0xe9][0xf5][0xe7][0x8e])[0x88][0xe2]z[0x12]l[0x3][0x10][0x4][0x10][0x86][0x8b][0xc][0x17][0xdc]K[0x2]p[0xcb]-[0x8a]?[0xb6][0xd5][0xac][0xc2])[0xe]][0x8b][0x16][0x8][0xb2]H[0xda]Z,[0x96]0[0x8][0xd3]m[0xbb][0xaf]@[0xb]/[0xcb]`_[0x1d]"[0x6]YJ[0xc5][0x92][0x8]G[0xa2][0xf4][0xc4]W[0x12][0xa3][0xbe][0x94][0x8e]ro4}BZ[0xd8][0xad][0x0][0x1b][0x0]X[0x11]F[0x12][0x92]-[0x16][0x12]'[0x9f][0xc5][0xf]L [0x8d]{[0xaf][0xc0][0xc][0xec]K[0xd0][0x8a][0xd9][0x99]it[0x88]>[0xb8][0x80](1[0x9c][0xbf]p[0xb9]u[0x85]^[0x13]c[0x8b][0x17]2|t[0xc7][0xf3]h[0xb4][0xa6][0xb0]l[0xe5][0x82]e[0xb1]?`C1k[0xf0][0x89]Rx7[0xda]R[0xc8][0xa6]s"[0xa6][0xc9][0xa0][0x7][0x85][0xf8][0xb]j[0xad][0xe0]<[0x1c][0x10][0xad][0x97][0xec][0xa3][0xc2][0xb6]~[0xbf];[0xd4][0xfa]6U[0xb3]p[0x11][0xe9][0xeb]s[0x9]RL4[0xc5][0xfb]G[0xad][0x8b][0xa7][0xaa][0xcd][0xfe][0xb2]KO^[0xcc]@[0x13];[0xf3][0x9a][0xc8]Q[0xe3][0xe2][0x15][0xb0]Ej[0x1d][0xf4][0x82][0x2]b[0xb0]v[0x8a][0xf4][0xde][0x8b]y[0x8d]>([0x94][0xc3]8'[0xc6]m[0x89]n[0xce]}ol[0xf][0xa6]27|f[0xb8]D[0xc5]s[0xfb][\n]"
00:01:13.228 [main] DEBUG org.apache.http.wire - http-outgoing-0 << "[0xf7]h[0xc9](x[0xaf][0xc4][0xbd][0xe3][0x1][0xb3][0x10]{I9[0xcc]-[0x1e][0x95][0x86](v[0xf1]E[0x1b][0xdd][0xe4]F[0xae]O[0xd3][0xf2][0x93][0xce]N[0x8a]_[0x86]F[0xc7]'[0xf1][0xbc][[\n]"
00:01:13.228 [main] DEBUG org.apache.http.wire - http-outgoing-0 << "[0xf2]"k[0x3][0x6].[0xb4]S[0x14][0xa5][0xdb],)x[0x8b]!e[0xf1][0xea]G[0xb4][0xb][0xac][0x9f]L[0xae]ntx[0xe2]6[0x87]`[0x1f][0xa0][0x8d][0x98][0xf4]Q[0xe1][0x1f][0x9e]<3[0xe3][0xc8][0xea]Dq[0x9e][0xdc][0xc2][0xbf][0x1f][0xdc]w81ppn[0xbd][0x8c][\n]"
00:01:13.228 [main] DEBUG org.apache.http.wire - http-outgoing-0 << "[0x1a][0xb3]r[0x90][0xe1][0xe]B>[0x14][0xa3]![0xe5][0xb8]}[0xdd]fR+}[0x81][0xf][0xb5][0xe1][0xf9]:"s[0xe5][0x93][0x2]E[0xf8]y$][0x8e]%[0x93]$[0x1]c[[0xc2][0xe7][0xe2][0xb3]![0xf1]![0xb3][0xa8][0xf0]oF[0xae][0xc7][0x15]AL>[0xa4]D[0xb7][0xd9][0xd1][0xd5][0xe6][0x96][0xa8][0xe3][0xd6][0x5][0x86]%[0x88]%1[0xad]i[0x1f]/AMn\A[0x9d][0xe0]QfO[0x1a];B[0x9b][0xa5]4[0xcf][0x18]p[0xa8][0xf0]?[0xbf]n[0x85]rQ[0x8e]*ZZ[0x1d][0xa7]7[0x13][0xee]![0x9][0x13](Z6[0xae]][0x81][0x9e]'1e6[0xa1][0x90]J[0x85][0x8d][0x92][\r][0xe1][0xb6]5z[0xa2]p[0x8e][0x81][0xc4][0xee][0xa3][0xa0][0x93][0xac][0x91][\n]"
00:01:13.228 [main] DEBUG org.apache.http.wire - http-outgoing-0 << "`^C86Z[0xaf][0xf4][0x1][0x9c][0xc9][0xf5][0xf0][0xac][0xad]9K[0xf4][0xb][0xb4]([0xb0][0xcf]F_[0x14][0xf0][0x91][0xc0]5[0xe4]"
00:01:13.229 [main] DEBUG org.apache.http.wire - http-outgoing-0 << ":[0x94]T[0xa8][0x11]j[0x1a]m[0xd6]K[[0x8f][0xf2][0x82]x[0x0][0xcb][0x89],[0xdf]K[0xc8][0x2]j#[0xd8]][0xae][0xf0]2[0xaf]>[0xeb][0x86]A[0x0]<&[0xd9][0xd3][0xe6]vR*b[0xb3]$[0xce]-[0x1c]a[0xd2][0x9][0xeb][0xba][0xf0]%[0x1d][0x8a][\n]"
00:01:13.229 [main] DEBUG org.apache.http.wire - http-outgoing-0 << "[0x1e][0x3]G[0xcd][0xcc][0xb3][0xd1][0x88]B[0xbe][0xfb]b[0xec]jye[0xa1][0xf3][0xe5]e=[0xa2]@TF[0x1d]F[0xa6][0xbd]Pb[0xe5][0xe][0xd5]e8[0xaf][0xc7][0xbb][0x90]{CE[0xe5][0x93]p[0xc6][0x84][0xbd][0x12][0xda][0x84][0x8c][0x9f][0xf5]tEh[0xf6][0x87]d[0xc0]m#_[0xd3][0xc7][0xfc][0xeb][0xef]b[0xe3]&(XL|/M[0x1][0xac]8[0xef][0x81][0x81][0xf]G@[0xbb][0xd2]hT! [0x87][0xba][0xcf]F[0x10][0xf8][0xa7][0xc5][0xb7][0xfc][0xf7][0x15][0xc6][0x89][0xf6]~[0x97]J[0x8c]p[0x83][0x8a]S[0xc5]J[0xdb][0xac][0xeb]>B[0xf1]i:[0xb8][0x5][0xdf][0xb1][0xac][0xef]Z[0xd1][0xee][0xb3]B;![0x19][0xe0][0x16][0xfb][0x84]G[0x1]HY[0xf]*0+[0x8b][0x8e][0xa0]@[0xf9]nQ[0xa3];[\n]"
00:01:13.230 [main] DEBUG org.apache.http.wire - http-outgoing-0 << "[0x8]1[0x1][0x91][0x9a][0xe2]{c[0xe7]G!2[0x3]_[0xb4]j[0xe7][0xe3]Y[0xc8][0xbf][0x9e]pp[0x6][0xe4]([0x88]w[0x9c]FA[0xf6]Q[0x12][0x84][0xb3][0xe]}[0xcc][0x1c]:[0xee][0x8e][0xa2][0xdd][0xc3][0xc0]~[0xde][0x80][0x82]8[0xb1][0x16][0x9b][0xb0][0x8c][0xaa];[0xe2][0xf7][0xa7][0x8f]0[0xb7]W+][0x91][0xb8][0x99]-[0x15]'[0x18][0xde][0x14][0xf7]+GN[0xe3][0x12][0x15]Z[0x91][0xae][0x9d][0xa4]}Y[0xb0]6[0xae]NAS[0x0]f3[0xf0][0xd5]8MI[0xf3][0xdf]W([0x14][0xda][0x10][0xa4]oR[0xde];[0x9c][0x7]|[0xde][0x8a][0xc2][0xa2][0x9b][0xd9][0x7][0x9f][0xcf][0xf1]"'[0x80]Q[0xb3]][0x96][0x9b]A[0xff][0x84][0x17][\n]"
00:01:13.230 [main] DEBUG org.apache.http.wire - http-outgoing-0 << "{b'[0xbe]K][0x12]1[\r][0xc2][0xa9][0xd0]s[0x1c][0xcb][0xc3]([0x89][0x88]4[0x1e][0xac]B[0x1e][0xbe][0xf8]{[0x90][0xf9][0xea][0x9a][0xda][0xd3][0x8b][0xfd][0xaa][0x80]'u[0xf9]q[0x18]*[0xa3]T[0xa1][0x11][0x1e]rO[0xab]m[0x85]1[0xac][0x95][0xd0]E[0x94][0x7][0xcc][0xf1][0x85][0xcb][0x6][0xbe][0x1b]2~[0x9b]i=[0x10]6[0xf9][\r]M[0x7][0xdb]fA[0xe1][\r][0x96][0xfa][0xc0][0xca][0x1][0xd3][0xe5][0xda][0xb2][0xa1][\n]"
00:01:13.230 [main] DEBUG org.apache.http.wire - http-outgoing-0 << "[0xdf]+*[0xea]([0x8a][0xef]+[0xf3].[0xb9]C[\n]"
00:01:13.230 [main] DEBUG org.apache.http.wire - http-outgoing-0 << "[0x8d][0x2][0x8f][0xa4][0x6]5[0xef]q`[0xcc]mA[0xfb][0xb5][0xd6][0x10][0xf0][0xe2][0xbb][0xdd][0xc4][0x92]Y[0xe]I[0xfc][0x81]29[0xf6][0xa8][0xce][0xa7][0xd3][0xdc][0x1][0x5]WL[0xb]c[0xe][0x1b][0xf6][0x9e][0x8][0x1a][0xcd]l[0x8a][\n]"
00:01:13.230 [main] DEBUG org.apache.http.wire - http-outgoing-0 << "[0xf6][0xd1][0xe4][0xda][0x89][0xf5]+[0x1c][0xb][0x85][0x92]@[\r][0x9c]a[0xa3][0x90][0xc6][0x88][0xf0][0xe8][0xd1]hV[0xf][0x92]yE^^b[0x92][0xc][0xe6]XD[0xf0][0xa9][0xd0][0x95][0x8b]-[0xa1]<[0xfe][0xda]NB[0xe1][0x17][0xb7][0x8f]E[0xb2][0xbf][0xaa]Lgv[0xde][0xbd][0xd5]2X[0xc4]j[0x93][0xda][0xd6]^[0x1d][0xe4][0x9a]!k[0x13][0x9d][0xb6][0xff])[0xb7][0xaf][0xc0],[0x89][0x90][0x14]e[0xfd]N[0xd2][0x91][0x9f].[0xc0][0x88]C[0xf9]/[0x16][0x10][0xac]"[0xb7]:[0xa1]`[\r][0xca][0x3][0xac][0xce]C[0xb][0xcf][0x98]P[0xb8][0x86]SZkV#[0xd0][0x4]1cyH[0x19][0xb4][0x5][0xd7][0xda][0xdb][0x85][0xfd]J[0x9][0x18][0xce][0x19]=[0xc9][0x18][0xc3]y[0xfd][0xa3]0[0xa6][0x80]LL[0xe][0xa4],[0xe8];[0xf8][0xb1][0xcd][0x18][0xa9][0xeb][0xa1][0x6][0xf5][0xe8][0xfe][0x14].[0xe8][0xd9][0xb0][0x81]7[0x98][0xee][0xac]([0xf2][0x93][0xea][0xdf]hQ+[0xfe][0x15][0xf1]!$[0xcb][0xb8][0xdb]<@[0x8d][0xce][0x11][0xa8]3[0xae]<[0x9a]58s[0xe]Z[0xfc]"[0xfc][0xe4][0xf9][0x81][0x98]X[0x8a][0xda]4R[0xd4][0xab][0xa3]m[0x85][0x13][\n]"
00:01:13.230 [main] DEBUG org.apache.http.wire - http-outgoing-0 << "[0xca]Xw[0x14][0xdd][0x16]Va[0xf0]`[0x88][0xb]>[0x9a][0xd1]}[0xde][0xae][0x9e][0xd0][0xf7][0xaf]o[0xb0][0xed][0xf2][0xa8][0x87]}[0xc2][0x84][0x2]/[0xd2]n[0xb3][0xbc][0x11][0xba]|$:R[0xec][0xc5][0x1e]W[0xe3][0xe9][0xea][0xe9]|[0x82][0xab]~#[0xe4]H[0x85][0xbc][0xdf]UR? [0x1e][0x17]<Z[0xbc][0xf2]\[0xbe]y[0x88][0x83][0xbf]D[0xb8]q[0x17][0xda][0xad][0x85]W[0xb5][0x82][0xd1][0xf8]9[0x9a][0xa4]hNi[0xd8]E[0x8][0xd0][0xec][0x92] 6[0x7][0xef][\n]"
00:01:13.230 [main] DEBUG org.apache.http.wire - http-outgoing-0 << "[0xce][0xf8]S[0x99][0xf9][0x88][0xcd]o[0x92][0x9e][0xa3][0xec]$e8[0xde][0xb3][0xe2]f[0xbc]Z[0xb3][0xd5]GP[0xce]8[0xa4][0xc0][0x11][0x93][0x8d][0xa5][0xb0][0xbc]"8[0x16][0xbf][0xae]+N[0x94][[0x82][0x8][0x82][0xa9];@[0xd1]y[0xb2]X[0x98][0xd2][0xf3]g[0xbe]}f[0xb8][0xab][0xcd][0xb5]4s[0x7]/,&[0xce][0xd8][0xba][0xce][0xca][0xa3]"l[0xe8][0xcc]E[0x91]K[0xc5]-[0xb7]aZ-*[0x1c][0x8b][0xf1][0x12]i[0xb1])[0x9e][0x19][0xad][0xcd][0xfc]H[0x8f][0xf9][0x87][0xfc])8[0xb1] d[0xab][0xec][0x92][0x1e][0x8e]@?t[0xe0]s[0xee][0x80][0xc2]87[0xc1]an[0xd4]A[0xdc][0xc3]l[0x90]o[0xe6][0x8b][0xbc][0xf6][0xc3][0xf5][0x8f]g[0xf3][0x1e][0x5]Z[0xe1]BE[0xd6][0xf]c[0x2][0xe4][0x2][0x15])[0x97]RFaH[0xcf][0xf6][0xe3]K[0x6][0xeb][0x87]aH[0x10][0xa2][0xc0]6qR[0x9a]1[0xac]u[0x8f]k[0xf3][0x19]][0x86][0xe6]U[0xb5][0xfa][0x8c][0x9][0xfd][0x0])[0xcc][0xc8][0xfb]> [0xad].[0xc8][0xa7][0xcc][0xcc][0x2]2[0xb6][0xda]V[0x98][0x94][0xf7]?[0x8b][0x19][0x0]zR[0xca][0xb2][0xac][0xd7]l[0xb1][0xc6]n<Y=[0xca][0x9f][0x18]`[0x1c],M[0xfb][0xcd][0x86][0xcf]#daUO]@[0x82][\r][\n]"
00:01:13.231 [main] DEBUG org.apache.http.wire - http-outgoing-0 << "[0xd4][0xca][0xf0]([0x1c][0xb9][0xf6]4[0xb8][0xb0][0xa9]`[0xca][0xe7]y[0xbc][0x1e][0xa2][0xe9][0xd5]h[0xa6]2[0xdd]O[0x85]K[0x18]Z[\n]"
00:01:13.231 [main] DEBUG org.apache.http.wire - http-outgoing-0 << "[0x80][0xcf][0xd4].[0xf4][0x93][0xfc]N[0xc3]dH[0xc6][0xdd][0xa7][0xa1][0xf1]`[0xf5]L?[0xa5][0x9b]4[0xef]}m[0x98][0xbe]0R{p-[0xf4][0x98][0xbc][0xc8]C,(O[0xe4][0xbc][0xb6]q[0xa1][0xb5]wG[0x81]\[0xce]^[0x92][0xc9]([0x1d]k[0x80][0x17][0xa6]I[\n]"
00:01:13.231 [main] DEBUG org.apache.http.wire - http-outgoing-0 << "[0xc3][\n]"
00:01:13.231 [main] DEBUG org.apache.http.wire - http-outgoing-0 << "[0x9c][0xd2][0xc2][0xc5][0x3][0x86][0xd4]4[0x4]R5\y[T[0x98][0xd5][0xc3][0x14][0xdc][0xb7][0xf5][0xc3][0xb8][0xa3][0xec]v[0x90][0x1e][0x92]:][0x94][0xf4][0xaf]<z/\[0xd0]5d[0x2]-[0xaa]%[0xfd][0x9c]=O[0xb1] [0x8d]K[0x98][0xfa]`b[0xe8][0x8c][0xb][0xb5]Q[\n]"
00:01:13.231 [main] DEBUG org.apache.http.wire - http-outgoing-0 << "j[0xb3]\[0x19][0xc0]/~[[0xa1]S[0x18][0x12][0xf2][0xd9]\[0xc6][0xd1][0xc2][0xef][0xcf][0x9b]!Q[0x8f][0xfd]K+)[0x9e]pB#[0xf0][0xf2]Hm[0xcc]o^[0xaa][0x9e]X[0xbc][0x9e][0xf7][0xc7]|[0x98][0xa5][0xdc]IN[0xe2][0xc6][0xca][0x89]Ue;4[0x8][0xde]_rO[0x1e](`[0xd2][0x9f] J[0x8a][0x90][0xa7][0xb7][0x84]D[0xb7][0x19][0xdd][0xf9][0xfa][0x1f]D[0xc6][0x9][0x8f]"
00:01:13.231 [main] DEBUG org.apache.http.wire - http-outgoing-0 << "[0x14][0xdc][0xc5][0xde][0xb6](l[0xc5][0x84]\![0xbc][0xcb][0x9e][0xb3][0xb9][0xf2][0xdc][0xbd]pG#[0x1f][0xaf]R[0xf6][0xad]EQg x[0xcf][0xdf][0xbb][0xc2][0xa6][0x2]=[0xd4][\r]vU[0x11][0x1e][0xb5][0x17][0xce][0x98]R@[0xc7]ef[0x97][0xbe][\n]"
00:01:13.232 [main] DEBUG org.apache.http.wire - http-outgoing-0 << "[0x11]s[0x99][0xe0][\n]"
00:01:13.232 [main] DEBUG org.apache.http.wire - http-outgoing-0 << "[0xb8]~[0xee]4][0xd4][0xc0][0xb]/[0x14][0xd6]%[0x94]O[0xf]|[0xfd][0xf8][0x1a]s~j[0xcc][0xf8][0x8c][0x1e]ky[0xfc][0xc3][0xa5].w[0xe1][0x8e][0xc2]=[0x9a][0x1c][0xe0][0x19])J0[0xf9][0xec][0xbe][0xdd]bY[0xcb]#[0xeb][0xcc]i[0x9b]C[0xaf]26KO[0x9b][0xb9][0xce][0xc2][0x86][0x0][0xc3]}[0x1e][0x16][0xad]g[0xa1][0x15]3[0xc][0xe9][0x84][0x83][0xb4][0x1][0xd9][0xcb][0x9c][0xb5]5[\n]"
00:01:13.232 [main] DEBUG org.apache.http.wire - http-outgoing-0 << "[0xf5][0x1b][0x1]$[0x15]4'[0x12]j[0x2]-Z[0xb6][0xda][0xd4]3a[0xf1][0xf5]M[0x1c][0xc]J[0xaf][0x98]q[0xb7]Q#[0x89][0xe8][0x88](|[0xf4][0x92][0xf1][0xf9]3[0xd6][0xf][0x4]h,7[0xb6][0xcc][0x5][0xc8][0x88]QV[0xdf][0x96][0xb8][0x92][0x85][0xb][0xf3][0x1a][0xdd]L[0xec]s[0x94]s[0xab][0xe9][0x85][0xfd][0x85]I[0xec][0xc2]n[0xe5]s[0x18]>{[0xe0]4Ghj5[0xee][0xed][0xe1]3[0x0][0x1b][0xbe]T[0x90]}[0xa8]a[0x13][0xda][0x1f][0x8f]*5[0xda][0xd7][\r][0xcd][0xd0][0x86][0xe0]W[0x8c]T[0xb3][0xc4]]M[0xc6]SS[0x99][0xb9][0xd6][0xeb]y[\r][0xa3][0xf0][0xa4][0xde][0xdb][0xa4]Q0*x[0xa3][0xe6][0x18][0x99][0x86]x[0xd7][0xda]h[0xfb][0xb0][0xc1][0xc9][0x13][0x1a]iH-[0xd4]k[0xe2][0x1e][0xee][0x9b]x[0xd9][0xda][0xe8][0x87][0x9e][0x8b][\r][0x8d]V[0xf1][0xb1][0xa5][0xf0][0xf0]3H[0xc5]p[0xc9]y[0xab]H^[0x13]-[0x95][0xe0]T[0xaa][0x8f][0x0][0xa4][0x8d]8[0x9e]r[0x1]`[0xbf][0xe6][0xa6]*4[0x8f]D[0xb2]\[0x80][0xa7][0xed]g[0x81] V[0xc9][0xa9][0xdb]yI[0xe3]*[0xfc][0xd0]pW[0xcc]o[0xc8][0x9]q[0xca];[0xe2][0xdb]8[0x8d][0xb6]u[0x13][0x94][0x1e]U[0xc6]'[0xbd]~*Pd[0x1a][0x9b][0x91][0x1e][0xe1][0xe4]|Ev+[0xdc][0xa9]}[0x11]H[0x90][\n]"
00:01:13.232 [main] DEBUG org.apache.http.wire - http-outgoing-0 << "[0xea][0xe][0x84][0xa6]Q[0x86]S[0xf8][0x85][0x80][0xfa][0x0][0xe9][0x19][0xf3][0x87][0xcf][0x5]Df[0xa7]F4?W[0x18].[0x10][0x8b][0xc2]b[0xe5][0xcb]c3[0xac]#[0x16][[0x91][0xec][0xf9]"[0xb0]N[0xa1][0xce][0x18][0xd5]T[0xce][0xeb][0xa9][0xf4][0xd9]8[0xb2]n[0xa4][0x1c][0x18][0x89]g[0xab][0xe1][0xca]0lL[0xe5]![0x7]pp3[0x8b]m[0xb5][0xa7][0xa7]][\r][0x93]dy[0xa0][0xfc][0xca][0xf3]<p[0xe5][0xb6][0xf4]0[0xcc][0x1f]I[0xfc]w[0xf2]y[0xd9]A[0x19]vb}z[0x84]?[0xbc][0xd1]-?v[0x14][0xef]s[0xcc][0x1c]^[0x14]C[0x89][0xf9][0xe8][0xe9][0xd6][0x89][0xc5]W[0x1f]8[0xa5][0x96][0x0][0x92]V[0xa1][0x84][0xf9][0xfa][0xd9][0xca]Nc[0xeb]V( [0xf3]ys[0x88][0xd4][0xed][0x92][0xec]XX[0xd1][0x83][0xb0][0xf1][0x95][0xc]cBk[0xc8][0xea][0xd1]|[0x9][0xbd][0xa4]U[0xfb]G[0xc9]2[0x84][0xd3]Vg[0xca][0xfd][0xe3][0xde][0xde][0x89][0xe3][0xd5][0xa5](u[0xd5][0xfd][0xbb][0xf8][0x18]\[0xe2][0x9][0xb5]W[0xa7][0xda][0x11]R[0x8f][0xf5][0x8b][0xb7]sbb!u[0xdb][0xd6]-[0xaa][0x80][0x1e]L=[0x83]i[0xf5][0xe4][0xf8][0x93]@[0xbe][0xc][0xf6]/CB}[0xd6][0xb8][0xe9][\n]"
00:01:13.232 [main] DEBUG org.apache.http.wire - http-outgoing-0 << "[0xbc][0x98][0x16]d[0xec]D[0x88],[0xa1][0xe0][0xf7][0xbe][0xa0]({89[0xf4][0xbc][0x17]z[0x9e]?0D[0x92]:[0xd2]7[0x1]E%t[0xfe]c[0x8a]os[0x9b][\n]"
00:01:13.232 [main] DEBUG org.apache.http.wire - http-outgoing-0 << "[0xd6]0[0xdb][0xa7][0x95][0xfa]'R[0x1e]UI[0xe9][0xbd][0xfa],[0xa6][0xb4]\[0x99][0xa6][\r][0xad]U[0x9e]+[0xf5]U[0xa6][0xff]L[0x1f]7[0xe5][0xae]<M.[\r][0xeb]![:l.[0x87][0xac][0xe0][0xbd][0x8f][0xbf][0xda]s[0xc6][0xe4]a[0x17][0xc1][0xf][0xd2]f[0x0]#`[0xa5]y[0x93][0x8f]K[0xd0]5{m[0x17][0xb][\r]N[0x97][0xc4]|[0xc3]7[0xd3][0xae]$[0xcf][0xd2][0x8f][0xca][0xa7][0x83][0x82][0x90]A$[0x81]'&[0x9a][0xcd]([0x0][0xcb]n0/[0xeb]r_[0xb7]4[0xa6]G[0xfe]q`y[0x9e][0xfc][0xa4][0xcc]Q[0xd9]t&nt[0xbf][0x80][0xa4]nJNyq[0xd0][0x8c][0x4]z[0xa8]?[0xd5][0xc1][0xf4]X!>C[0x97]V[0xab][0xfc][0x9d][0xf1]@a[0x91][0xc8]9<B%[0xbe][0x99][0xe1][0xfb][0xc8][0xb8][0x13][0x1][0x8e][0xf5][0xf3][0xa7][0xf0][0xf6][0xb8][0xd5]3[0x85]U[0xbe][0xd5][0x95]*[0x87][0x8a]4.[0x9a][0x15][0xad][0xb1][0xa6][0x1f][0x6]0[0xc5]Sm[0x91]1[0x1b]8[\n]"
00:01:13.232 [main] DEBUG org.apache.http.wire - http-outgoing-0 << "[0xb9]Yl[0xdb][0xf9]OI[0x17][0x9e]hZ[0xc6][0x9d]?[0x12][0xbf]Q/[0xba]^[0xc1][0x94][0xa6]*[0x1f];[0xa3]w[0xdc][0xbf][0xe2][0xa7][0xb7][0xc3][[0xdd][0xea][0xd7]F[W[0xaa]0+[0x7][0x93][0x9d][0x9e]1[0xb1][0x18][0x1c][0xa9]i[0xab]M-[0x94][0x9][0x90][0xa6][0xf]q[0xf1]SUsy4[0xa4][0xb4]X[0x1b]%[0xf3][0xf7]*~[0xb]0[0x82]u[0xab]1=[0xd8][0xcf][0x9f]][0xc8][0xbe][0xaa]|U[0xfd][0xcc][0x8d][0xbd][0xd7][0xc3][0xfd][0xcc][0xd3]B[0x8d][0x92][0xb5][0x12][0x1f][0xb7][0xcc][0xfe][0xf8][0xcf][0xff][0x1][0xe1][0xa2][0x1][0x95][0xf7]^[0x0][0x0][\r][\n]"
00:01:13.233 [main] DEBUG org.apache.http.impl.conn.DefaultManagedHttpClientConnection - http-outgoing-0: Close connection
00:01:13.235 [main] DEBUG org.apache.http.impl.execchain.MainClientExec - Connection discarded
00:01:13.236 [main] DEBUG org.apache.http.impl.conn.PoolingHttpClientConnectionManager - Connection released: [id: 0][route: {s}->https://jsonplaceholder.typicode.com:443][total available: 0; route allocated: 0 of 5; total allocated: 0 of 10]
00:01:13.236 [main] DEBUG org.apache.http.impl.conn.PoolingHttpClientConnectionManager - Connection manager is shutting down
00:01:13.237 [main] DEBUG org.apache.http.impl.conn.PoolingHttpClientConnectionManager - Connection manager shut down
00:01:13.240 [main] DEBUG com.intuit.karate - response time in milliseconds: 547
1 < 200
1 < Date: Sun, 03 Mar 2024 06:01:04 GMT
1 < Content-Type: application/json; charset=utf-8
1 < Transfer-Encoding: chunked
1 < Connection: keep-alive
1 < Report-To: {"group":"heroku-nel","max_age":3600,"endpoints":[{"url":"https://nel.heroku.com/reports?ts=1708954268&sid=e11707d5-02a7-43ef-b45e-2cf4d2036f7d&s=sbQ%2B55Nja7rZ7rLoUdyZaT6uHG%2FC7SxrAkQQqIu1AjY%3D"}]}
1 < Reporting-Endpoints: heroku-nel=https://nel.heroku.com/reports?ts=1708954268&sid=e11707d5-02a7-43ef-b45e-2cf4d2036f7d&s=sbQ%2B55Nja7rZ7rLoUdyZaT6uHG%2FC7SxrAkQQqIu1AjY%3D
1 < Nel: {"report_to":"heroku-nel","max_age":3600,"success_fraction":0.005,"failure_fraction":0.05,"response_headers":["Via"]}
1 < X-Powered-By: Express
1 < X-Ratelimit-Limit: 1000
1 < X-Ratelimit-Remaining: 999
1 < X-Ratelimit-Reset: 1708954319
1 < Vary: Origin, Accept-Encoding
1 < Access-Control-Allow-Credentials: true
1 < Cache-Control: max-age=43200
1 < Pragma: no-cache
1 < Expires: -1
1 < X-Content-Type-Options: nosniff
1 < Etag: W/"5ef7-4Ad6/n39KWY9q6Ykm/ULNQ2F5IM"
1 < Via: 1.1 vegur
1 < CF-Cache-Status: HIT
1 < Age: 14436
1 < Server: cloudflare
1 < CF-RAY: 85e768ea0e5d2c48-ORD
1 < alt-svc: h3=":443"; ma=86400
[
  {
    "userId": 1,
    "id": 1,
    "title": "delectus aut autem",
    "completed": false
  },
  {
    "userId": 1,
    "id": 2,
    "title": "quis ut nam facilis et officia qui",
    "completed": false
  },
  {
    "userId": 1,
    "id": 3,
    "title": "fugiat veniam minus",
    "completed": false
  },
  {
    "userId": 1,
    "id": 4,
    "title": "et porro tempora",
    "completed": true
  },
  {
    "userId": 1,
    "id": 5,
    "title": "laboriosam mollitia et enim quasi adipisci quia provident illum",
    "completed": false
  },
  {
    "userId": 1,
    "id": 6,
    "title": "qui ullam ratione quibusdam voluptatem quia omnis",
    "completed": false
  },
  {
    "userId": 1,
    "id": 7,
    "title": "illo expedita consequatur quia in",
    "completed": false
  },
  {
    "userId": 1,
    "id": 8,
    "title": "quo adipisci enim quam ut ab",
    "completed": true
  },
  {
    "userId": 1,
    "id": 9,
    "title": "molestiae perspiciatis ipsa",
    "completed": false
  },
  {
    "userId": 1,
    "id": 10,
    "title": "illo est ratione doloremque quia maiores aut",
    "completed": true
  },
  {
    "userId": 1,
    "id": 11,
    "title": "vero rerum temporibus dolor",
    "completed": true
  },
  {
    "userId": 1,
    "id": 12,
    "title": "ipsa repellendus fugit nisi",
    "completed": true
  },
  {
    "userId": 1,
    "id": 13,
    "title": "et doloremque nulla",
    "completed": false
  },
  {
    "userId": 1,
    "id": 14,
    "title": "repellendus sunt dolores architecto voluptatum",
    "completed": true
  },
  {
    "userId": 1,
    "id": 15,
    "title": "ab voluptatum amet voluptas",
    "completed": true
  },
  {
    "userId": 1,
    "id": 16,
    "title": "accusamus eos facilis sint et aut voluptatem",
    "completed": true
  },
  {
    "userId": 1,
    "id": 17,
    "title": "quo laboriosam deleniti aut qui",
    "completed": true
  },
  {
    "userId": 1,
    "id": 18,
    "title": "dolorum est consequatur ea mollitia in culpa",
    "completed": false
  },
  {
    "userId": 1,
    "id": 19,
    "title": "molestiae ipsa aut voluptatibus pariatur dolor nihil",
    "completed": true
  },
  {
    "userId": 1,
    "id": 20,
    "title": "ullam nobis libero sapiente ad optio sint",
    "completed": true
  },
  {
    "userId": 2,
    "id": 21,
    "title": "suscipit repellat esse quibusdam voluptatem incidunt",
    "completed": false
  },
  {
    "userId": 2,
    "id": 22,
    "title": "distinctio vitae autem nihil ut molestias quo",
    "completed": true
  },
  {
    "userId": 2,
    "id": 23,
    "title": "et itaque necessitatibus maxime molestiae qui quas velit",
    "completed": false
  },
  {
    "userId": 2,
    "id": 24,
    "title": "adipisci non ad dicta qui amet quaerat doloribus ea",
    "completed": false
  },
  {
    "userId": 2,
    "id": 25,
    "title": "voluptas quo tenetur perspiciatis explicabo natus",
    "completed": true
  },
  {
    "userId": 2,
    "id": 26,
    "title": "aliquam aut quasi",
    "completed": true
  },
  {
    "userId": 2,
    "id": 27,
    "title": "veritatis pariatur delectus",
    "completed": true
  },
  {
    "userId": 2,
    "id": 28,
    "title": "nesciunt totam sit blanditiis sit",
    "completed": false
  },
  {
    "userId": 2,
    "id": 29,
    "title": "laborum aut in quam",
    "completed": false
  },
  {
    "userId": 2,
    "id": 30,
    "title": "nemo perspiciatis repellat ut dolor libero commodi blanditiis omnis",
    "completed": true
  },
  {
    "userId": 2,
    "id": 31,
    "title": "repudiandae totam in est sint facere fuga",
    "completed": false
  },
  {
    "userId": 2,
    "id": 32,
    "title": "earum doloribus ea doloremque quis",
    "completed": false
  },
  {
    "userId": 2,
    "id": 33,
    "title": "sint sit aut vero",
    "completed": false
  },
  {
    "userId": 2,
    "id": 34,
    "title": "porro aut necessitatibus eaque distinctio",
    "completed": false
  },
  {
    "userId": 2,
    "id": 35,
    "title": "repellendus veritatis molestias dicta incidunt",
    "completed": true
  },
  {
    "userId": 2,
    "id": 36,
    "title": "excepturi deleniti adipisci voluptatem et neque optio illum ad",
    "completed": true
  },
  {
    "userId": 2,
    "id": 37,
    "title": "sunt cum tempora",
    "completed": false
  },
  {
    "userId": 2,
    "id": 38,
    "title": "totam quia non",
    "completed": false
  },
  {
    "userId": 2,
    "id": 39,
    "title": "doloremque quibusdam asperiores libero corrupti illum qui omnis",
    "completed": false
  },
  {
    "userId": 2,
    "id": 40,
    "title": "totam atque quo nesciunt",
    "completed": true
  },
  {
    "userId": 3,
    "id": 41,
    "title": "aliquid amet impedit consequatur aspernatur placeat eaque fugiat suscipit",
    "completed": false
  },
  {
    "userId": 3,
    "id": 42,
    "title": "rerum perferendis error quia ut eveniet",
    "completed": false
  },
  {
    "userId": 3,
    "id": 43,
    "title": "tempore ut sint quis recusandae",
    "completed": true
  },
  {
    "userId": 3,
    "id": 44,
    "title": "cum debitis quis accusamus doloremque ipsa natus sapiente omnis",
    "completed": true
  },
  {
    "userId": 3,
    "id": 45,
    "title": "velit soluta adipisci molestias reiciendis harum",
    "completed": false
  },
  {
    "userId": 3,
    "id": 46,
    "title": "vel voluptatem repellat nihil placeat corporis",
    "completed": false
  },
  {
    "userId": 3,
    "id": 47,
    "title": "nam qui rerum fugiat accusamus",
    "completed": false
  },
  {
    "userId": 3,
    "id": 48,
    "title": "sit reprehenderit omnis quia",
    "completed": false
  },
  {
    "userId": 3,
    "id": 49,
    "title": "ut necessitatibus aut maiores debitis officia blanditiis velit et",
    "completed": false
  },
  {
    "userId": 3,
    "id": 50,
    "title": "cupiditate necessitatibus ullam aut quis dolor voluptate",
    "completed": true
  },
  {
    "userId": 3,
    "id": 51,
    "title": "distinctio exercitationem ab doloribus",
    "completed": false
  },
  {
    "userId": 3,
    "id": 52,
    "title": "nesciunt dolorum quis recusandae ad pariatur ratione",
    "completed": false
  },
  {
    "userId": 3,
    "id": 53,
    "title": "qui labore est occaecati recusandae aliquid quam",
    "completed": false
  },
  {
    "userId": 3,
    "id": 54,
    "title": "quis et est ut voluptate quam dolor",
    "completed": true
  },
  {
    "userId": 3,
    "id": 55,
    "title": "voluptatum omnis minima qui occaecati provident nulla voluptatem ratione",
    "completed": true
  },
  {
    "userId": 3,
    "id": 56,
    "title": "deleniti ea temporibus enim",
    "completed": true
  },
  {
    "userId": 3,
    "id": 57,
    "title": "pariatur et magnam ea doloribus similique voluptatem rerum quia",
    "completed": false
  },
  {
    "userId": 3,
    "id": 58,
    "title": "est dicta totam qui explicabo doloribus qui dignissimos",
    "completed": false
  },
  {
    "userId": 3,
    "id": 59,
    "title": "perspiciatis velit id laborum placeat iusto et aliquam odio",
    "completed": false
  },
  {
    "userId": 3,
    "id": 60,
    "title": "et sequi qui architecto ut adipisci",
    "completed": true
  },
  {
    "userId": 4,
    "id": 61,
    "title": "odit optio omnis qui sunt",
    "completed": true
  },
  {
    "userId": 4,
    "id": 62,
    "title": "et placeat et tempore aspernatur sint numquam",
    "completed": false
  },
  {
    "userId": 4,
    "id": 63,
    "title": "doloremque aut dolores quidem fuga qui nulla",
    "completed": true
  },
  {
    "userId": 4,
    "id": 64,
    "title": "voluptas consequatur qui ut quia magnam nemo esse",
    "completed": false
  },
  {
    "userId": 4,
    "id": 65,
    "title": "fugiat pariatur ratione ut asperiores necessitatibus magni",
    "completed": false
  },
  {
    "userId": 4,
    "id": 66,
    "title": "rerum eum molestias autem voluptatum sit optio",
    "completed": false
  },
  {
    "userId": 4,
    "id": 67,
    "title": "quia voluptatibus voluptatem quos similique maiores repellat",
    "completed": false
  },
  {
    "userId": 4,
    "id": 68,
    "title": "aut id perspiciatis voluptatem iusto",
    "completed": false
  },
  {
    "userId": 4,
    "id": 69,
    "title": "doloribus sint dolorum ab adipisci itaque dignissimos aliquam suscipit",
    "completed": false
  },
  {
    "userId": 4,
    "id": 70,
    "title": "ut sequi accusantium et mollitia delectus sunt",
    "completed": false
  },
  {
    "userId": 4,
    "id": 71,
    "title": "aut velit saepe ullam",
    "completed": false
  },
  {
    "userId": 4,
    "id": 72,
    "title": "praesentium facilis facere quis harum voluptatibus voluptatem eum",
    "completed": false
  },
  {
    "userId": 4,
    "id": 73,
    "title": "sint amet quia totam corporis qui exercitationem commodi",
    "completed": true
  },
  {
    "userId": 4,
    "id": 74,
    "title": "expedita tempore nobis eveniet laborum maiores",
    "completed": false
  },
  {
    "userId": 4,
    "id": 75,
    "title": "occaecati adipisci est possimus totam",
    "completed": false
  },
  {
    "userId": 4,
    "id": 76,
    "title": "sequi dolorem sed",
    "completed": true
  },
  {
    "userId": 4,
    "id": 77,
    "title": "maiores aut nesciunt delectus exercitationem vel assumenda eligendi at",
    "completed": false
  },
  {
    "userId": 4,
    "id": 78,
    "title": "reiciendis est magnam amet nemo iste recusandae impedit quaerat",
    "completed": false
  },
  {
    "userId": 4,
    "id": 79,
    "title": "eum ipsa maxime ut",
    "completed": true
  },
  {
    "userId": 4,
    "id": 80,
    "title": "tempore molestias dolores rerum sequi voluptates ipsum consequatur",
    "completed": true
  },
  {
    "userId": 5,
    "id": 81,
    "title": "suscipit qui totam",
    "completed": true
  },
  {
    "userId": 5,
    "id": 82,
    "title": "voluptates eum voluptas et dicta",
    "completed": false
  },
  {
    "userId": 5,
    "id": 83,
    "title": "quidem at rerum quis ex aut sit quam",
    "completed": true
  },
  {
    "userId": 5,
    "id": 84,
    "title": "sunt veritatis ut voluptate",
    "completed": false
  },
  {
    "userId": 5,
    "id": 85,
    "title": "et quia ad iste a",
    "completed": true
  },
  {
    "userId": 5,
    "id": 86,
    "title": "incidunt ut saepe autem",
    "completed": true
  },
  {
    "userId": 5,
    "id": 87,
    "title": "laudantium quae eligendi consequatur quia et vero autem",
    "completed": true
  },
  {
    "userId": 5,
    "id": 88,
    "title": "vitae aut excepturi laboriosam sint aliquam et et accusantium",
    "completed": false
  },
  {
    "userId": 5,
    "id": 89,
    "title": "sequi ut omnis et",
    "completed": true
  },
  {
    "userId": 5,
    "id": 90,
    "title": "molestiae nisi accusantium tenetur dolorem et",
    "completed": true
  },
  {
    "userId": 5,
    "id": 91,
    "title": "nulla quis consequatur saepe qui id expedita",
    "completed": true
  },
  {
    "userId": 5,
    "id": 92,
    "title": "in omnis laboriosam",
    "completed": true
  },
  {
    "userId": 5,
    "id": 93,
    "title": "odio iure consequatur molestiae quibusdam necessitatibus quia sint",
    "completed": true
  },
  {
    "userId": 5,
    "id": 94,
    "title": "facilis modi saepe mollitia",
    "completed": false
  },
  {
    "userId": 5,
    "id": 95,
    "title": "vel nihil et molestiae iusto assumenda nemo quo ut",
    "completed": true
  },
  {
    "userId": 5,
    "id": 96,
    "title": "nobis suscipit ducimus enim asperiores voluptas",
    "completed": false
  },
  {
    "userId": 5,
    "id": 97,
    "title": "dolorum laboriosam eos qui iure aliquam",
    "completed": false
  },
  {
    "userId": 5,
    "id": 98,
    "title": "debitis accusantium ut quo facilis nihil quis sapiente necessitatibus",
    "completed": true
  },
  {
    "userId": 5,
    "id": 99,
    "title": "neque voluptates ratione",
    "completed": false
  },
  {
    "userId": 5,
    "id": 100,
    "title": "excepturi a et neque qui expedita vel voluptate",
    "completed": false
  },
  {
    "userId": 6,
    "id": 101,
    "title": "explicabo enim cumque porro aperiam occaecati minima",
    "completed": false
  },
  {
    "userId": 6,
    "id": 102,
    "title": "sed ab consequatur",
    "completed": false
  },
  {
    "userId": 6,
    "id": 103,
    "title": "non sunt delectus illo nulla tenetur enim omnis",
    "completed": false
  },
  {
    "userId": 6,
    "id": 104,
    "title": "excepturi non laudantium quo",
    "completed": false
  },
  {
    "userId": 6,
    "id": 105,
    "title": "totam quia dolorem et illum repellat voluptas optio",
    "completed": true
  },
  {
    "userId": 6,
    "id": 106,
    "title": "ad illo quis voluptatem temporibus",
    "completed": true
  },
  {
    "userId": 6,
    "id": 107,
    "title": "praesentium facilis omnis laudantium fugit ad iusto nihil nesciunt",
    "completed": false
  },
  {
    "userId": 6,
    "id": 108,
    "title": "a eos eaque nihil et exercitationem incidunt delectus",
    "completed": true
  },
  {
    "userId": 6,
    "id": 109,
    "title": "autem temporibus harum quisquam in culpa",
    "completed": true
  },
  {
    "userId": 6,
    "id": 110,
    "title": "aut aut ea corporis",
    "completed": true
  },
  {
    "userId": 6,
    "id": 111,
    "title": "magni accusantium labore et id quis provident",
    "completed": false
  },
  {
    "userId": 6,
    "id": 112,
    "title": "consectetur impedit quisquam qui deserunt non rerum consequuntur eius",
    "completed": false
  },
  {
    "userId": 6,
    "id": 113,
    "title": "quia atque aliquam sunt impedit voluptatum rerum assumenda nisi",
    "completed": false
  },
  {
    "userId": 6,
    "id": 114,
    "title": "cupiditate quos possimus corporis quisquam exercitationem beatae",
    "completed": false
  },
  {
    "userId": 6,
    "id": 115,
    "title": "sed et ea eum",
    "completed": false
  },
  {
    "userId": 6,
    "id": 116,
    "title": "ipsa dolores vel facilis ut",
    "completed": true
  },
  {
    "userId": 6,
    "id": 117,
    "title": "sequi quae est et qui qui eveniet asperiores",
    "completed": false
  },
  {
    "userId": 6,
    "id": 118,
    "title": "quia modi consequatur vero fugiat",
    "completed": false
  },
  {
    "userId": 6,
    "id": 119,
    "title": "corporis ducimus ea perspiciatis iste",
    "completed": false
  },
  {
    "userId": 6,
    "id": 120,
    "title": "dolorem laboriosam vel voluptas et aliquam quasi",
    "completed": false
  },
  {
    "userId": 7,
    "id": 121,
    "title": "inventore aut nihil minima laudantium hic qui omnis",
    "completed": true
  },
  {
    "userId": 7,
    "id": 122,
    "title": "provident aut nobis culpa",
    "completed": true
  },
  {
    "userId": 7,
    "id": 123,
    "title": "esse et quis iste est earum aut impedit",
    "completed": false
  },
  {
    "userId": 7,
    "id": 124,
    "title": "qui consectetur id",
    "completed": false
  },
  {
    "userId": 7,
    "id": 125,
    "title": "aut quasi autem iste tempore illum possimus",
    "completed": false
  },
  {
    "userId": 7,
    "id": 126,
    "title": "ut asperiores perspiciatis veniam ipsum rerum saepe",
    "completed": true
  },
  {
    "userId": 7,
    "id": 127,
    "title": "voluptatem libero consectetur rerum ut",
    "completed": true
  },
  {
    "userId": 7,
    "id": 128,
    "title": "eius omnis est qui voluptatem autem",
    "completed": false
  },
  {
    "userId": 7,
    "id": 129,
    "title": "rerum culpa quis harum",
    "completed": false
  },
  {
    "userId": 7,
    "id": 130,
    "title": "nulla aliquid eveniet harum laborum libero alias ut unde",
    "completed": true
  },
  {
    "userId": 7,
    "id": 131,
    "title": "qui ea incidunt quis",
    "completed": false
  },
  {
    "userId": 7,
    "id": 132,
    "title": "qui molestiae voluptatibus velit iure harum quisquam",
    "completed": true
  },
  {
    "userId": 7,
    "id": 133,
    "title": "et labore eos enim rerum consequatur sunt",
    "completed": true
  },
  {
    "userId": 7,
    "id": 134,
    "title": "molestiae doloribus et laborum quod ea",
    "completed": false
  },
  {
    "userId": 7,
    "id": 135,
    "title": "facere ipsa nam eum voluptates reiciendis vero qui",
    "completed": false
  },
  {
    "userId": 7,
    "id": 136,
    "title": "asperiores illo tempora fuga sed ut quasi adipisci",
    "completed": false
  },
  {
    "userId": 7,
    "id": 137,
    "title": "qui sit non",
    "completed": false
  },
  {
    "userId": 7,
    "id": 138,
    "title": "placeat minima consequatur rem qui ut",
    "completed": true
  },
  {
    "userId": 7,
    "id": 139,
    "title": "consequatur doloribus id possimus voluptas a voluptatem",
    "completed": false
  },
  {
    "userId": 7,
    "id": 140,
    "title": "aut consectetur in blanditiis deserunt quia sed laboriosam",
    "completed": true
  },
  {
    "userId": 8,
    "id": 141,
    "title": "explicabo consectetur debitis voluptates quas quae culpa rerum non",
    "completed": true
  },
  {
    "userId": 8,
    "id": 142,
    "title": "maiores accusantium architecto necessitatibus reiciendis ea aut",
    "completed": true
  },
  {
    "userId": 8,
    "id": 143,
    "title": "eum non recusandae cupiditate animi",
    "completed": false
  },
  {
    "userId": 8,
    "id": 144,
    "title": "ut eum exercitationem sint",
    "completed": false
  },
  {
    "userId": 8,
    "id": 145,
    "title": "beatae qui ullam incidunt voluptatem non nisi aliquam",
    "completed": false
  },
  {
    "userId": 8,
    "id": 146,
    "title": "molestiae suscipit ratione nihil odio libero impedit vero totam",
    "completed": true
  },
  {
    "userId": 8,
    "id": 147,
    "title": "eum itaque quod reprehenderit et facilis dolor autem ut",
    "completed": true
  },
  {
    "userId": 8,
    "id": 148,
    "title": "esse quas et quo quasi exercitationem",
    "completed": false
  },
  {
    "userId": 8,
    "id": 149,
    "title": "animi voluptas quod perferendis est",
    "completed": false
  },
  {
    "userId": 8,
    "id": 150,
    "title": "eos amet tempore laudantium fugit a",
    "completed": false
  },
  {
    "userId": 8,
    "id": 151,
    "title": "accusamus adipisci dicta qui quo ea explicabo sed vero",
    "completed": true
  },
  {
    "userId": 8,
    "id": 152,
    "title": "odit eligendi recusandae doloremque cumque non",
    "completed": false
  },
  {
    "userId": 8,
    "id": 153,
    "title": "ea aperiam consequatur qui repellat eos",
    "completed": false
  },
  {
    "userId": 8,
    "id": 154,
    "title": "rerum non ex sapiente",
    "completed": true
  },
  {
    "userId": 8,
    "id": 155,
    "title": "voluptatem nobis consequatur et assumenda magnam",
    "completed": true
  },
  {
    "userId": 8,
    "id": 156,
    "title": "nam quia quia nulla repellat assumenda quibusdam sit nobis",
    "completed": true
  },
  {
    "userId": 8,
    "id": 157,
    "title": "dolorem veniam quisquam deserunt repellendus",
    "completed": true
  },
  {
    "userId": 8,
    "id": 158,
    "title": "debitis vitae delectus et harum accusamus aut deleniti a",
    "completed": true
  },
  {
    "userId": 8,
    "id": 159,
    "title": "debitis adipisci quibusdam aliquam sed dolore ea praesentium nobis",
    "completed": true
  },
  {
    "userId": 8,
    "id": 160,
    "title": "et praesentium aliquam est",
    "completed": false
  },
  {
    "userId": 9,
    "id": 161,
    "title": "ex hic consequuntur earum omnis alias ut occaecati culpa",
    "completed": true
  },
  {
    "userId": 9,
    "id": 162,
    "title": "omnis laboriosam molestias animi sunt dolore",
    "completed": true
  },
  {
    "userId": 9,
    "id": 163,
    "title": "natus corrupti maxime laudantium et voluptatem laboriosam odit",
    "completed": false
  },
  {
    "userId": 9,
    "id": 164,
    "title": "reprehenderit quos aut aut consequatur est sed",
    "completed": false
  },
  {
    "userId": 9,
    "id": 165,
    "title": "fugiat perferendis sed aut quidem",
    "completed": false
  },
  {
    "userId": 9,
    "id": 166,
    "title": "quos quo possimus suscipit minima ut",
    "completed": false
  },
  {
    "userId": 9,
    "id": 167,
    "title": "et quis minus quo a asperiores molestiae",
    "completed": false
  },
  {
    "userId": 9,
    "id": 168,
    "title": "recusandae quia qui sunt libero",
    "completed": false
  },
  {
    "userId": 9,
    "id": 169,
    "title": "ea odio perferendis officiis",
    "completed": true
  },
  {
    "userId": 9,
    "id": 170,
    "title": "quisquam aliquam quia doloribus aut",
    "completed": false
  },
  {
    "userId": 9,
    "id": 171,
    "title": "fugiat aut voluptatibus corrupti deleniti velit iste odio",
    "completed": true
  },
  {
    "userId": 9,
    "id": 172,
    "title": "et provident amet rerum consectetur et voluptatum",
    "completed": false
  },
  {
    "userId": 9,
    "id": 173,
    "title": "harum ad aperiam quis",
    "completed": false
  },
  {
    "userId": 9,
    "id": 174,
    "title": "similique aut quo",
    "completed": false
  },
  {
    "userId": 9,
    "id": 175,
    "title": "laudantium eius officia perferendis provident perspiciatis asperiores",
    "completed": true
  },
  {
    "userId": 9,
    "id": 176,
    "title": "magni soluta corrupti ut maiores rem quidem",
    "completed": false
  },
  {
    "userId": 9,
    "id": 177,
    "title": "et placeat temporibus voluptas est tempora quos quibusdam",
    "completed": false
  },
  {
    "userId": 9,
    "id": 178,
    "title": "nesciunt itaque commodi tempore",
    "completed": true
  },
  {
    "userId": 9,
    "id": 179,
    "title": "omnis consequuntur cupiditate impedit itaque ipsam quo",
    "completed": true
  },
  {
    "userId": 9,
    "id": 180,
    "title": "debitis nisi et dolorem repellat et",
    "completed": true
  },
  {
    "userId": 10,
    "id": 181,
    "title": "ut cupiditate sequi aliquam fuga maiores",
    "completed": false
  },
  {
    "userId": 10,
    "id": 182,
    "title": "inventore saepe cumque et aut illum enim",
    "completed": true
  },
  {
    "userId": 10,
    "id": 183,
    "title": "omnis nulla eum aliquam distinctio",
    "completed": true
  },
  {
    "userId": 10,
    "id": 184,
    "title": "molestias modi perferendis perspiciatis",
    "completed": false
  },
  {
    "userId": 10,
    "id": 185,
    "title": "voluptates dignissimos sed doloribus animi quaerat aut",
    "completed": false
  },
  {
    "userId": 10,
    "id": 186,
    "title": "explicabo odio est et",
    "completed": false
  },
  {
    "userId": 10,
    "id": 187,
    "title": "consequuntur animi possimus",
    "completed": false
  },
  {
    "userId": 10,
    "id": 188,
    "title": "vel non beatae est",
    "completed": true
  },
  {
    "userId": 10,
    "id": 189,
    "title": "culpa eius et voluptatem et",
    "completed": true
  },
  {
    "userId": 10,
    "id": 190,
    "title": "accusamus sint iusto et voluptatem exercitationem",
    "completed": true
  },
  {
    "userId": 10,
    "id": 191,
    "title": "temporibus atque distinctio omnis eius impedit tempore molestias pariatur",
    "completed": true
  },
  {
    "userId": 10,
    "id": 192,
    "title": "ut quas possimus exercitationem sint voluptates",
    "completed": false
  },
  {
    "userId": 10,
    "id": 193,
    "title": "rerum debitis voluptatem qui eveniet tempora distinctio a",
    "completed": true
  },
  {
    "userId": 10,
    "id": 194,
    "title": "sed ut vero sit molestiae",
    "completed": false
  },
  {
    "userId": 10,
    "id": 195,
    "title": "rerum ex veniam mollitia voluptatibus pariatur",
    "completed": true
  },
  {
    "userId": 10,
    "id": 196,
    "title": "consequuntur aut ut fugit similique",
    "completed": true
  },
  {
    "userId": 10,
    "id": 197,
    "title": "dignissimos quo nobis earum saepe",
    "completed": true
  },
  {
    "userId": 10,
    "id": 198,
    "title": "quis eius est sint explicabo",
    "completed": true
  },
  {
    "userId": 10,
    "id": 199,
    "title": "numquam repellendus a magnam",
    "completed": true
  },
  {
    "userId": 10,
    "id": 200,
    "title": "ipsam aperiam voluptates qui",
    "completed": false
  }
]

00:01:13.310 [main] DEBUG com.jayway.jsonpath.internal.path.CompiledPath - Evaluating path: $[0]['title']
00:01:13.368 [main] DEBUG org.thymeleaf.TemplateEngine - [THYMELEAF] INITIALIZING TEMPLATE ENGINE
00:01:13.570 [main] DEBUG org.thymeleaf.TemplateEngine.CONFIG - Initializing Thymeleaf Template engine configuration...
[THYMELEAF] TEMPLATE ENGINE CONFIGURATION:
[THYMELEAF] * Thymeleaf version: 3.1.2.RELEASE (built 2023-07-30T19:25:50+0000)
[THYMELEAF] * Cache Manager implementation: org.thymeleaf.cache.StandardCacheManager
[THYMELEAF] * Template resolvers:
[THYMELEAF]     * [1] com.intuit.karate.template.ResourceHtmlTemplateResolver
[THYMELEAF] * Message resolvers:
[THYMELEAF]     * org.thymeleaf.messageresolver.StandardMessageResolver
[THYMELEAF] * Link builders:
[THYMELEAF]     * org.thymeleaf.linkbuilder.StandardLinkBuilder
[THYMELEAF] * Dialect [1 of 2]: Standard (com.intuit.karate.template.KarateStandardDialect)
[THYMELEAF]     * Prefix: "th"
[THYMELEAF]     * Processors for Template Mode: HTML
[THYMELEAF]         * Element Tag Processors by [matching element and attribute name] [precedence]:
[THYMELEAF]             * [* {th:include,data-th-include}] [100]: org.thymeleaf.standard.processor.StandardIncludeTagProcessor
[THYMELEAF]             * [* {th:insert,data-th-insert}] [100]: org.thymeleaf.standard.processor.StandardInsertTagProcessor
[THYMELEAF]             * [* {th:replace,data-th-replace}] [100]: org.thymeleaf.standard.processor.StandardReplaceTagProcessor
[THYMELEAF]             * [* {th:each,data-th-each}] [200]: com.intuit.karate.template.KarateEachTagProcessor
[THYMELEAF]             * [* {th:switch,data-th-switch}] [250]: org.thymeleaf.standard.processor.StandardSwitchTagProcessor
[THYMELEAF]             * [* {th:case,data-th-case}] [275]: org.thymeleaf.standard.processor.StandardCaseTagProcessor
[THYMELEAF]             * [* {th:if,data-th-if}] [300]: org.thymeleaf.standard.processor.StandardIfTagProcessor
[THYMELEAF]             * [* {th:unless,data-th-unless}] [400]: org.thymeleaf.standard.processor.StandardUnlessTagProcessor
[THYMELEAF]             * [* {th:object,data-th-object}] [500]: org.thymeleaf.standard.processor.StandardObjectTagProcessor
[THYMELEAF]             * [* {th:with,data-th-with}] [600]: com.intuit.karate.template.KarateWithTagProcessor
[THYMELEAF]             * [* {th:attr,data-th-attr}] [700]: com.intuit.karate.template.KarateAttributeTagProcessor.KarateAttrTagProcessor
[THYMELEAF]             * [* {th:attrappend,data-th-attrappend}] [900]: com.intuit.karate.template.KarateAttributeTagProcessor.KarateAttrappendTagProcessor
[THYMELEAF]             * [* {th:attrprepend,data-th-attrprepend}] [900]: com.intuit.karate.template.KarateAttributeTagProcessor.KarateAttrprependTagProcessor
[THYMELEAF]             * [* {th:alt-title,data-th-alt-title}] [990]: org.thymeleaf.standard.processor.StandardAltTitleTagProcessor
[THYMELEAF]             * [* {th:lang-xmllang,data-th-lang-xmllang}] [990]: org.thymeleaf.standard.processor.StandardLangXmlLangTagProcessor
[THYMELEAF]             * [* {th:action,data-th-action}] [1000]: org.thymeleaf.standard.processor.StandardActionTagProcessor
[THYMELEAF]             * [* {th:ismap,data-th-ismap}] [1000]: org.thymeleaf.standard.processor.StandardConditionalFixedValueTagProcessor
[THYMELEAF]             * [* {th:defer,data-th-defer}] [1000]: org.thymeleaf.standard.processor.StandardConditionalFixedValueTagProcessor
[THYMELEAF]             * [* {th:loop,data-th-loop}] [1000]: org.thymeleaf.standard.processor.StandardConditionalFixedValueTagProcessor
[THYMELEAF]             * [* {th:nowrap,data-th-nowrap}] [1000]: org.thymeleaf.standard.processor.StandardConditionalFixedValueTagProcessor
[THYMELEAF]             * [* {th:selected,data-th-selected}] [1000]: org.thymeleaf.standard.processor.StandardConditionalFixedValueTagProcessor
[THYMELEAF]             * [* {th:required,data-th-required}] [1000]: org.thymeleaf.standard.processor.StandardConditionalFixedValueTagProcessor
[THYMELEAF]             * [* {th:autofocus,data-th-autofocus}] [1000]: org.thymeleaf.standard.processor.StandardConditionalFixedValueTagProcessor
[THYMELEAF]             * [* {th:formnovalidate,data-th-formnovalidate}] [1000]: org.thymeleaf.standard.processor.StandardConditionalFixedValueTagProcessor
[THYMELEAF]             * [* {th:controls,data-th-controls}] [1000]: org.thymeleaf.standard.processor.StandardConditionalFixedValueTagProcessor
[THYMELEAF]             * [* {th:open,data-th-open}] [1000]: org.thymeleaf.standard.processor.StandardConditionalFixedValueTagProcessor
[THYMELEAF]             * [* {th:pubdate,data-th-pubdate}] [1000]: org.thymeleaf.standard.processor.StandardConditionalFixedValueTagProcessor
[THYMELEAF]             * [* {th:disabled,data-th-disabled}] [1000]: org.thymeleaf.standard.processor.StandardConditionalFixedValueTagProcessor
[THYMELEAF]             * [* {th:hidden,data-th-hidden}] [1000]: org.thymeleaf.standard.processor.StandardConditionalFixedValueTagProcessor
[THYMELEAF]             * [* {th:autoplay,data-th-autoplay}] [1000]: org.thymeleaf.standard.processor.StandardConditionalFixedValueTagProcessor
[THYMELEAF]             * [* {th:readonly,data-th-readonly}] [1000]: org.thymeleaf.standard.processor.StandardConditionalFixedValueTagProcessor
[THYMELEAF]             * [* {th:scoped,data-th-scoped}] [1000]: org.thymeleaf.standard.processor.StandardConditionalFixedValueTagProcessor
[THYMELEAF]             * [* {th:novalidate,data-th-novalidate}] [1000]: org.thymeleaf.standard.processor.StandardConditionalFixedValueTagProcessor
[THYMELEAF]             * [* {th:seamless,data-th-seamless}] [1000]: org.thymeleaf.standard.processor.StandardConditionalFixedValueTagProcessor
[THYMELEAF]             * [* {th:async,data-th-async}] [1000]: org.thymeleaf.standard.processor.StandardConditionalFixedValueTagProcessor
[THYMELEAF]             * [* {th:default,data-th-default}] [1000]: org.thymeleaf.standard.processor.StandardConditionalFixedValueTagProcessor
[THYMELEAF]             * [* {th:checked,data-th-checked}] [1000]: org.thymeleaf.standard.processor.StandardConditionalFixedValueTagProcessor
[THYMELEAF]             * [* {th:reversed,data-th-reversed}] [1000]: org.thymeleaf.standard.processor.StandardConditionalFixedValueTagProcessor
[THYMELEAF]             * [* {th:multiple,data-th-multiple}] [1000]: org.thymeleaf.standard.processor.StandardConditionalFixedValueTagProcessor
[THYMELEAF]             * [* {th:declare,data-th-declare}] [1000]: org.thymeleaf.standard.processor.StandardConditionalFixedValueTagProcessor
[THYMELEAF]             * [* {th:onshow,data-th-onshow}] [1000]: org.thymeleaf.standard.processor.StandardDOMEventAttributeTagProcessor
[THYMELEAF]             * [* {th:onabort,data-th-onabort}] [1000]: org.thymeleaf.standard.processor.StandardDOMEventAttributeTagProcessor
[THYMELEAF]             * [* {th:onundo,data-th-onundo}] [1000]: org.thymeleaf.standard.processor.StandardDOMEventAttributeTagProcessor
[THYMELEAF]             * [* {th:onended,data-th-onended}] [1000]: org.thymeleaf.standard.processor.StandardDOMEventAttributeTagProcessor
[THYMELEAF]             * [* {th:onkeydown,data-th-onkeydown}] [1000]: org.thymeleaf.standard.processor.StandardDOMEventAttributeTagProcessor
[THYMELEAF]             * [* {th:onseeking,data-th-onseeking}] [1000]: org.thymeleaf.standard.processor.StandardDOMEventAttributeTagProcessor
[THYMELEAF]             * [* {th:oninvalid,data-th-oninvalid}] [1000]: org.thymeleaf.standard.processor.StandardDOMEventAttributeTagProcessor
[THYMELEAF]             * [* {th:onmousemove,data-th-onmousemove}] [1000]: org.thymeleaf.standard.processor.StandardDOMEventAttributeTagProcessor
[THYMELEAF]             * [* {th:onformchange,data-th-onformchange}] [1000]: org.thymeleaf.standard.processor.StandardDOMEventAttributeTagProcessor
[THYMELEAF]             * [* {th:onplaying,data-th-onplaying}] [1000]: org.thymeleaf.standard.processor.StandardDOMEventAttributeTagProcessor
[THYMELEAF]             * [* {th:onemptied,data-th-onemptied}] [1000]: org.thymeleaf.standard.processor.StandardDOMEventAttributeTagProcessor
[THYMELEAF]             * [* {th:onvolumechange,data-th-onvolumechange}] [1000]: org.thymeleaf.standard.processor.StandardDOMEventAttributeTagProcessor
[THYMELEAF]             * [* {th:onmouseover,data-th-onmouseover}] [1000]: org.thymeleaf.standard.processor.StandardDOMEventAttributeTagProcessor
[THYMELEAF]             * [* {th:ondragover,data-th-ondragover}] [1000]: org.thymeleaf.standard.processor.StandardDOMEventAttributeTagProcessor
[THYMELEAF]             * [* {th:onoffline,data-th-onoffline}] [1000]: org.thymeleaf.standard.processor.StandardDOMEventAttributeTagProcessor
[THYMELEAF]             * [* {th:oninput,data-th-oninput}] [1000]: org.thymeleaf.standard.processor.StandardDOMEventAttributeTagProcessor
[THYMELEAF]             * [* {th:onprogress,data-th-onprogress}] [1000]: org.thymeleaf.standard.processor.StandardDOMEventAttributeTagProcessor
[THYMELEAF]             * [* {th:onwaiting,data-th-onwaiting}] [1000]: org.thymeleaf.standard.processor.StandardDOMEventAttributeTagProcessor
[THYMELEAF]             * [* {th:ononline,data-th-ononline}] [1000]: org.thymeleaf.standard.processor.StandardDOMEventAttributeTagProcessor
[THYMELEAF]             * [* {th:onafterprint,data-th-onafterprint}] [1000]: org.thymeleaf.standard.processor.StandardDOMEventAttributeTagProcessor
[THYMELEAF]             * [* {th:onblur,data-th-onblur}] [1000]: org.thymeleaf.standard.processor.StandardDOMEventAttributeTagProcessor
[THYMELEAF]             * [* {th:onpause,data-th-onpause}] [1000]: org.thymeleaf.standard.processor.StandardDOMEventAttributeTagProcessor
[THYMELEAF]             * [* {th:onreset,data-th-onreset}] [1000]: org.thymeleaf.standard.processor.StandardDOMEventAttributeTagProcessor
[THYMELEAF]             * [* {th:onseeked,data-th-onseeked}] [1000]: org.thymeleaf.standard.processor.StandardDOMEventAttributeTagProcessor
[THYMELEAF]             * [* {th:ondragstart,data-th-ondragstart}] [1000]: org.thymeleaf.standard.processor.StandardDOMEventAttributeTagProcessor
[THYMELEAF]             * [* {th:onload,data-th-onload}] [1000]: org.thymeleaf.standard.processor.StandardDOMEventAttributeTagProcessor
[THYMELEAF]             * [* {th:onforminput,data-th-onforminput}] [1000]: org.thymeleaf.standard.processor.StandardDOMEventAttributeTagProcessor
[THYMELEAF]             * [* {th:ondragleave,data-th-ondragleave}] [1000]: org.thymeleaf.standard.processor.StandardDOMEventAttributeTagProcessor
[THYMELEAF]             * [* {th:onkeypress,data-th-onkeypress}] [1000]: org.thymeleaf.standard.processor.StandardDOMEventAttributeTagProcessor
[THYMELEAF]             * [* {th:onloadeddata,data-th-onloadeddata}] [1000]: org.thymeleaf.standard.processor.StandardDOMEventAttributeTagProcessor
[THYMELEAF]             * [* {th:ondurationchange,data-th-ondurationchange}] [1000]: org.thymeleaf.standard.processor.StandardDOMEventAttributeTagProcessor
[THYMELEAF]             * [* {th:onerror,data-th-onerror}] [1000]: org.thymeleaf.standard.processor.StandardDOMEventAttributeTagProcessor
[THYMELEAF]             * [* {th:onresize,data-th-onresize}] [1000]: org.thymeleaf.standard.processor.StandardDOMEventAttributeTagProcessor
[THYMELEAF]             * [* {th:onplay,data-th-onplay}] [1000]: org.thymeleaf.standard.processor.StandardDOMEventAttributeTagProcessor
[THYMELEAF]             * [* {th:onratechange,data-th-onratechange}] [1000]: org.thymeleaf.standard.processor.StandardDOMEventAttributeTagProcessor
[THYMELEAF]             * [* {th:onkeyup,data-th-onkeyup}] [1000]: org.thymeleaf.standard.processor.StandardDOMEventAttributeTagProcessor
[THYMELEAF]             * [* {th:oncanplay,data-th-oncanplay}] [1000]: org.thymeleaf.standard.processor.StandardDOMEventAttributeTagProcessor
[THYMELEAF]             * [* {th:onreadystatechange,data-th-onreadystatechange}] [1000]: org.thymeleaf.standard.processor.StandardDOMEventAttributeTagProcessor
[THYMELEAF]             * [* {th:ontimeupdate,data-th-ontimeupdate}] [1000]: org.thymeleaf.standard.processor.StandardDOMEventAttributeTagProcessor
[THYMELEAF]             * [* {th:onredo,data-th-onredo}] [1000]: org.thymeleaf.standard.processor.StandardDOMEventAttributeTagProcessor
[THYMELEAF]             * [* {th:onbeforeunload,data-th-onbeforeunload}] [1000]: org.thymeleaf.standard.processor.StandardDOMEventAttributeTagProcessor
[THYMELEAF]             * [* {th:onloadstart,data-th-onloadstart}] [1000]: org.thymeleaf.standard.processor.StandardDOMEventAttributeTagProcessor
[THYMELEAF]             * [* {th:ondrag,data-th-ondrag}] [1000]: org.thymeleaf.standard.processor.StandardDOMEventAttributeTagProcessor
[THYMELEAF]             * [* {th:onclick,data-th-onclick}] [1000]: org.thymeleaf.standard.processor.StandardDOMEventAttributeTagProcessor
[THYMELEAF]             * [* {th:oncanplaythrough,data-th-oncanplaythrough}] [1000]: org.thymeleaf.standard.processor.StandardDOMEventAttributeTagProcessor
[THYMELEAF]             * [* {th:ondrop,data-th-ondrop}] [1000]: org.thymeleaf.standard.processor.StandardDOMEventAttributeTagProcessor
[THYMELEAF]             * [* {th:onmousewheel,data-th-onmousewheel}] [1000]: org.thymeleaf.standard.processor.StandardDOMEventAttributeTagProcessor
[THYMELEAF]             * [* {th:onchange,data-th-onchange}] [1000]: org.thymeleaf.standard.processor.StandardDOMEventAttributeTagProcessor
[THYMELEAF]             * [* {th:onselect,data-th-onselect}] [1000]: org.thymeleaf.standard.processor.StandardDOMEventAttributeTagProcessor
[THYMELEAF]             * [* {th:onstorage,data-th-onstorage}] [1000]: org.thymeleaf.standard.processor.StandardDOMEventAttributeTagProcessor
[THYMELEAF]             * [* {th:onsubmit,data-th-onsubmit}] [1000]: org.thymeleaf.standard.processor.StandardDOMEventAttributeTagProcessor
[THYMELEAF]             * [* {th:ondragend,data-th-ondragend}] [1000]: org.thymeleaf.standard.processor.StandardDOMEventAttributeTagProcessor
[THYMELEAF]             * [* {th:onfocus,data-th-onfocus}] [1000]: org.thymeleaf.standard.processor.StandardDOMEventAttributeTagProcessor
[THYMELEAF]             * [* {th:onloadedmetadata,data-th-onloadedmetadata}] [1000]: org.thymeleaf.standard.processor.StandardDOMEventAttributeTagProcessor
[THYMELEAF]             * [* {th:ondblclick,data-th-ondblclick}] [1000]: org.thymeleaf.standard.processor.StandardDOMEventAttributeTagProcessor
[THYMELEAF]             * [* {th:oncontextmenu,data-th-oncontextmenu}] [1000]: org.thymeleaf.standard.processor.StandardDOMEventAttributeTagProcessor
[THYMELEAF]             * [* {th:onmousedown,data-th-onmousedown}] [1000]: org.thymeleaf.standard.processor.StandardDOMEventAttributeTagProcessor
[THYMELEAF]             * [* {th:onpopstate,data-th-onpopstate}] [1000]: org.thymeleaf.standard.processor.StandardDOMEventAttributeTagProcessor
[THYMELEAF]             * [* {th:onscroll,data-th-onscroll}] [1000]: org.thymeleaf.standard.processor.StandardDOMEventAttributeTagProcessor
[THYMELEAF]             * [* {th:ondragenter,data-th-ondragenter}] [1000]: org.thymeleaf.standard.processor.StandardDOMEventAttributeTagProcessor
[THYMELEAF]             * [* {th:onhashchange,data-th-onhashchange}] [1000]: org.thymeleaf.standard.processor.StandardDOMEventAttributeTagProcessor
[THYMELEAF]             * [* {th:onmouseout,data-th-onmouseout}] [1000]: org.thymeleaf.standard.processor.StandardDOMEventAttributeTagProcessor
[THYMELEAF]             * [* {th:onbeforeprint,data-th-onbeforeprint}] [1000]: org.thymeleaf.standard.processor.StandardDOMEventAttributeTagProcessor
[THYMELEAF]             * [* {th:onsuspend,data-th-onsuspend}] [1000]: org.thymeleaf.standard.processor.StandardDOMEventAttributeTagProcessor
[THYMELEAF]             * [* {th:onmessage,data-th-onmessage}] [1000]: org.thymeleaf.standard.processor.StandardDOMEventAttributeTagProcessor
[THYMELEAF]             * [* {th:onunload,data-th-onunload}] [1000]: org.thymeleaf.standard.processor.StandardDOMEventAttributeTagProcessor
[THYMELEAF]             * [* {th:onstalled,data-th-onstalled}] [1000]: org.thymeleaf.standard.processor.StandardDOMEventAttributeTagProcessor
[THYMELEAF]             * [* {th:onmouseup,data-th-onmouseup}] [1000]: org.thymeleaf.standard.processor.StandardDOMEventAttributeTagProcessor
[THYMELEAF]             * [* {th:href,data-th-href}] [1000]: org.thymeleaf.standard.processor.StandardHrefTagProcessor
[THYMELEAF]             * [* {th:inline,data-th-inline}] [1000]: org.thymeleaf.standard.processor.StandardInlineHTMLTagProcessor
[THYMELEAF]             * [* {th:method,data-th-method}] [1000]: org.thymeleaf.standard.processor.StandardMethodTagProcessor
[THYMELEAF]             * [* {th:type,data-th-type}] [1000]: org.thymeleaf.standard.processor.StandardNonRemovableAttributeTagProcessor
[THYMELEAF]             * [* {th:name,data-th-name}] [1000]: org.thymeleaf.standard.processor.StandardNonRemovableAttributeTagProcessor
[THYMELEAF]             * [* {th:maxlength,data-th-maxlength}] [1000]: org.thymeleaf.standard.processor.StandardRemovableAttributeTagProcessor
[THYMELEAF]             * [* {th:formmethod,data-th-formmethod}] [1000]: org.thymeleaf.standard.processor.StandardRemovableAttributeTagProcessor
[THYMELEAF]             * [* {th:scheme,data-th-scheme}] [1000]: org.thymeleaf.standard.processor.StandardRemovableAttributeTagProcessor
[THYMELEAF]             * [* {th:content,data-th-content}] [1000]: org.thymeleaf.standard.processor.StandardRemovableAttributeTagProcessor
[THYMELEAF]             * [* {th:charset,data-th-charset}] [1000]: org.thymeleaf.standard.processor.StandardRemovableAttributeTagProcessor
[THYMELEAF]             * [* {th:dropzone,data-th-dropzone}] [1000]: org.thymeleaf.standard.processor.StandardRemovableAttributeTagProcessor
[THYMELEAF]             * [* {th:accept-charset,data-th-accept-charset}] [1000]: org.thymeleaf.standard.processor.StandardRemovableAttributeTagProcessor
[THYMELEAF]             * [* {th:draggable,data-th-draggable}] [1000]: org.thymeleaf.standard.processor.StandardRemovableAttributeTagProcessor
[THYMELEAF]             * [* {th:wrap,data-th-wrap}] [1000]: org.thymeleaf.standard.processor.StandardRemovableAttributeTagProcessor
[THYMELEAF]             * [* {th:codetype,data-th-codetype}] [1000]: org.thymeleaf.standard.processor.StandardRemovableAttributeTagProcessor
[THYMELEAF]             * [* {th:hreflang,data-th-hreflang}] [1000]: org.thymeleaf.standard.processor.StandardRemovableAttributeTagProcessor
[THYMELEAF]             * [* {th:codebase,data-th-codebase}] [1000]: org.thymeleaf.standard.processor.StandardRemovableAttributeTagProcessor
[THYMELEAF]             * [* {th:rev,data-th-rev}] [1000]: org.thymeleaf.standard.processor.StandardRemovableAttributeTagProcessor
[...]
[THYMELEAF]             * [* {th:compact,data-th-compact}] [1000]: org.thymeleaf.standard.processor.StandardRemovableAttributeTagProcessor
[THYMELEAF]             * [* {th:accesskey,data-th-accesskey}] [1000]: org.thymeleaf.standard.processor.StandardRemovableAttributeTagProcessor
[THYMELEAF]             * [* {th:alt,data-th-alt}] [1000]: org.thymeleaf.standard.processor.StandardRemovableAttributeTagProcessor
[THYMELEAF]             * [* {th:max,data-th-max}] [1000]: org.thymeleaf.standard.processor.StandardRemovableAttributeTagProcessor
[THYMELEAF]             * [* {th:rows,data-th-rows}] [1000]: org.thymeleaf.standard.processor.StandardRemovableAttributeTagProcessor
[THYMELEAF]             * [* {th:formmethod,data-th-formmethod}] [1000]: org.thymeleaf.standard.processor.StandardRemovableAttributeTagProcessor
[THYMELEAF]             * [* {th:rules,data-th-rules}] [1000]: org.thymeleaf.standard.processor.StandardRemovableAttributeTagProcessor
[THYMELEAF]             * [* {th:high,data-th-high}] [1000]: org.thymeleaf.standard.processor.StandardRemovableAttributeTagProcessor
[THYMELEAF]             * [* {th:manifest,data-th-manifest}] [1000]: org.thymeleaf.standard.processor.StandardRemovableAttributeTagProcessor
[THYMELEAF]             * [* {th:hspace,data-th-hspace}] [1000]: org.thymeleaf.standard.processor.StandardRemovableAttributeTagProcessor
[THYMELEAF]             * [* {th:marginheight,data-th-marginheight}] [1000]: org.thymeleaf.standard.processor.StandardRemovableAttributeTagProcessor
[THYMELEAF]             * [* {th:headers,data-th-headers}] [1000]: org.thymeleaf.standard.processor.StandardRemovableAttributeTagProcessor
[THYMELEAF]             * [* {th:autocomplete,data-th-autocomplete}] [1000]: org.thymeleaf.standard.processor.StandardRemovableAttributeTagProcessor
[THYMELEAF]             * [* {th:classid,data-th-classid}] [1000]: org.thymeleaf.standard.processor.StandardRemovableAttributeTagProcessor
[THYMELEAF]             * [* {th:vspace,data-th-vspace}] [1000]: org.thymeleaf.standard.processor.StandardRemovableAttributeTagProcessor
[THYMELEAF]             * [* {th:keytype,data-th-keytype}] [1000]: org.thymeleaf.standard.processor.StandardRemovableAttributeTagProcessor
[THYMELEAF]             * [* {th:dir,data-th-dir}] [1000]: org.thymeleaf.standard.processor.StandardRemovableAttributeTagProcessor
[THYMELEAF]             * [* {th:scope,data-th-scope}] [1000]: org.thymeleaf.standard.processor.StandardRemovableAttributeTagProcessor
[THYMELEAF]             * [* {th:media,data-th-media}] [1000]: org.thymeleaf.standard.processor.StandardRemovableAttributeTagProcessor
[THYMELEAF]             * [* {th:valuetype,data-th-valuetype}] [1000]: org.thymeleaf.standard.processor.StandardRemovableAttributeTagProcessor
[THYMELEAF]             * [* {th:label,data-th-label}] [1000]: org.thymeleaf.standard.processor.StandardRemovableAttributeTagProcessor
[THYMELEAF]             * [* {th:challenge,data-th-challenge}] [1000]: org.thymeleaf.standard.processor.StandardRemovableAttributeTagProcessor
[THYMELEAF]             * [* {th:standby,data-th-standby}] [1000]: org.thymeleaf.standard.processor.StandardRemovableAttributeTagProcessor
[THYMELEAF]             * [* {th:icon,data-th-icon}] [1000]: org.thymeleaf.standard.processor.StandardRemovableAttributeTagProcessor
[THYMELEAF]             * [* {th:cellpadding,data-th-cellpadding}] [1000]: org.thymeleaf.standard.processor.StandardRemovableAttributeTagProcessor
[THYMELEAF]             * [* {th:scheme,data-th-scheme}] [1000]: org.thymeleaf.standard.processor.StandardRemovableAttributeTagProcessor
[THYMELEAF]             * [* {th:width,data-th-width}] [1000]: org.thymeleaf.standard.processor.StandardRemovableAttributeTagProcessor
[THYMELEAF]             * [* {th:scrolling,data-th-scrolling}] [1000]: org.thymeleaf.standard.processor.StandardRemovableAttributeTagProcessor
[THYMELEAF]             * [* {th:accept,data-th-accept}] [1000]: org.thymeleaf.standard.processor.StandardRemovableAttributeTagProcessor
[THYMELEAF]             * [* {th:charset,data-th-charset}] [1000]: org.thymeleaf.standard.processor.StandardRemovableAttributeTagProcessor
[THYMELEAF]             * [* {th:content,data-th-content}] [1000]: org.thymeleaf.standard.processor.StandardRemovableAttributeTagProcessor
[THYMELEAF]             * [* {th:kind,data-th-kind}] [1000]: org.thymeleaf.standard.processor.StandardRemovableAttributeTagProcessor
[THYMELEAF]             * [* {th:spellcheck,data-th-spellcheck}] [1000]: org.thymeleaf.standard.processor.StandardRemovableAttributeTagProcessor
[THYMELEAF]             * [* {th:formaction,data-th-formaction}] [1000]: org.thymeleaf.standard.processor.StandardRemovableAttributeTagProcessor
[THYMELEAF]             * [* {th:audio,data-th-audio}] [1000]: org.thymeleaf.standard.processor.StandardRemovableAttributeTagProcessor
[THYMELEAF]             * [* {th:colspan,data-th-colspan}] [1000]: org.thymeleaf.standard.processor.StandardRemovableAttributeTagProcessor
[THYMELEAF]             * [* {th:start,data-th-start}] [1000]: org.thymeleaf.standard.processor.StandardRemovableAttributeTagProcessor
[THYMELEAF]             * [* {th:pattern,data-th-pattern}] [1000]: org.thymeleaf.standard.processor.StandardRemovableAttributeTagProcessor
[THYMELEAF]             * [* {th:wrap,data-th-wrap}] [1000]: org.thymeleaf.standard.processor.StandardRemovableAttributeTagProcessor
[THYMELEAF]             * [* {th:src,data-th-src}] [1000]: org.thymeleaf.standard.processor.StandardSrcTagProcessor
[THYMELEAF]             * [* {th:value,data-th-value}] [1000]: org.thymeleaf.standard.processor.StandardValueTagProcessor
[THYMELEAF]             * [* {th:xmlbase,data-th-xmlbase}] [1000]: org.thymeleaf.standard.processor.StandardXmlBaseTagProcessor
[THYMELEAF]             * [* {th:xmllang,data-th-xmllang}] [1000]: org.thymeleaf.standard.processor.StandardXmlLangTagProcessor
[THYMELEAF]             * [* {xmlns:th}] [1000]: org.thymeleaf.standard.processor.StandardXmlNsTagProcessor
[THYMELEAF]             * [* {th:xmlspace,data-th-xmlspace}] [1000]: org.thymeleaf.standard.processor.StandardXmlSpaceTagProcessor
[THYMELEAF]             * [* {th:classappend,data-th-classappend}] [1100]: org.thymeleaf.standard.processor.StandardClassappendTagProcessor
[THYMELEAF]             * [* {th:styleappend,data-th-styleappend}] [1100]: org.thymeleaf.standard.processor.StandardStyleappendTagProcessor
[THYMELEAF]             * [* {th:text,data-th-text}] [1300]: org.thymeleaf.standard.processor.StandardTextTagProcessor
[THYMELEAF]             * [* {th:utext,data-th-utext}] [1400]: org.thymeleaf.standard.processor.StandardUtextTagProcessor
[THYMELEAF]             * [* {th:fragment,data-th-fragment}] [1500]: org.thymeleaf.standard.processor.StandardFragmentTagProcessor
[THYMELEAF]             * [* {th:assert,data-th-assert}] [1550]: org.thymeleaf.standard.processor.StandardAssertTagProcessor
[THYMELEAF]             * [* {th:remove,data-th-remove}] [1600]: org.thymeleaf.standard.processor.StandardRemoveTagProcessor
[THYMELEAF]             * [* {th:ref,data-th-ref}] [10000]: org.thymeleaf.standard.processor.StandardRefAttributeTagProcessor
[THYMELEAF]             * [{th:block,th-block} *] [100000]: org.thymeleaf.standard.processor.StandardBlockTagProcessor
[THYMELEAF]             * [* th:*] [2147483647]: org.thymeleaf.standard.processor.StandardDefaultAttributesTagProcessor
[THYMELEAF]         * Text Processors by [precedence]:
[THYMELEAF]             * [1000]: org.thymeleaf.standard.processor.StandardInliningTextProcessor
[THYMELEAF]         * DOCTYPE Processors by [precedence]:
[THYMELEAF]             * [1000]: org.thymeleaf.standard.processor.StandardTranslationDocTypeProcessor
[THYMELEAF]         * CDATA Section Processors by [precedence]:
[THYMELEAF]             * [1000]: org.thymeleaf.standard.processor.StandardInliningCDATASectionProcessor
[THYMELEAF]         * Comment Processors by [precedence]:
[THYMELEAF]             * [1000]: org.thymeleaf.standard.processor.StandardInliningCommentProcessor
[THYMELEAF]             * [1100]: org.thymeleaf.standard.processor.StandardConditionalCommentProcessor
[THYMELEAF]     * Processors for Template Mode: XML
[THYMELEAF]         * Element Tag Processors by [matching element and attribute name] [precedence]:
[THYMELEAF]             * [* {th:include}] [100]: org.thymeleaf.standard.processor.StandardIncludeTagProcessor
[THYMELEAF]             * [* {th:insert}] [100]: org.thymeleaf.standard.processor.StandardInsertTagProcessor
[THYMELEAF]             * [* {th:replace}] [100]: org.thymeleaf.standard.processor.StandardReplaceTagProcessor
[THYMELEAF]             * [* {th:each}] [200]: com.intuit.karate.template.KarateEachTagProcessor
[THYMELEAF]             * [* {th:switch}] [250]: org.thymeleaf.standard.processor.StandardSwitchTagProcessor
[THYMELEAF]             * [* {th:case}] [275]: org.thymeleaf.standard.processor.StandardCaseTagProcessor
[THYMELEAF]             * [* {th:if}] [300]: org.thymeleaf.standard.processor.StandardIfTagProcessor
[THYMELEAF]             * [* {th:unless}] [400]: org.thymeleaf.standard.processor.StandardUnlessTagProcessor
[THYMELEAF]             * [* {th:object}] [500]: org.thymeleaf.standard.processor.StandardObjectTagProcessor
[THYMELEAF]             * [* {th:with}] [600]: com.intuit.karate.template.KarateWithTagProcessor
[THYMELEAF]             * [* {th:attr}] [700]: com.intuit.karate.template.KarateAttributeTagProcessor.KarateAttrTagProcessor
[THYMELEAF]             * [* {th:attrappend}] [900]: com.intuit.karate.template.KarateAttributeTagProcessor.KarateAttrappendTagProcessor
[THYMELEAF]             * [* {th:attrprepend}] [900]: com.intuit.karate.template.KarateAttributeTagProcessor.KarateAttrprependTagProcessor
[THYMELEAF]             * [* {th:inline}] [1000]: org.thymeleaf.standard.processor.StandardInlineXMLTagProcessor
[THYMELEAF]             * [* {xmlns:th}] [1000]: org.thymeleaf.standard.processor.StandardXmlNsTagProcessor
[THYMELEAF]             * [* {th:text}] [1300]: org.thymeleaf.standard.processor.StandardTextTagProcessor
[THYMELEAF]             * [* {th:utext}] [1400]: org.thymeleaf.standard.processor.StandardUtextTagProcessor
[THYMELEAF]             * [* {th:fragment}] [1500]: org.thymeleaf.standard.processor.StandardFragmentTagProcessor
[THYMELEAF]             * [* {th:assert}] [1550]: org.thymeleaf.standard.processor.StandardAssertTagProcessor
[THYMELEAF]             * [* {th:remove}] [1600]: org.thymeleaf.standard.processor.StandardRemoveTagProcessor
[THYMELEAF]             * [* {th:ref}] [10000]: org.thymeleaf.standard.processor.StandardRefAttributeTagProcessor
[THYMELEAF]             * [{th:block} *] [100000]: org.thymeleaf.standard.processor.StandardBlockTagProcessor
[THYMELEAF]             * [* th:*] [2147483647]: org.thymeleaf.standard.processor.StandardDefaultAttributesTagProcessor
[THYMELEAF]         * Text Processors by [precedence]:
[THYMELEAF]             * [1000]: org.thymeleaf.standard.processor.StandardInliningTextProcessor
[THYMELEAF]         * CDATA Section Processors by [precedence]:
[THYMELEAF]             * [1000]: org.thymeleaf.standard.processor.StandardInliningCDATASectionProcessor
[THYMELEAF]         * Comment Processors by [precedence]:
[THYMELEAF]             * [1000]: org.thymeleaf.standard.processor.StandardInliningCommentProcessor
[THYMELEAF]     * Processors for Template Mode: TEXT
[THYMELEAF]         * Element Tag Processors by [matching element and attribute name] [precedence]:
[THYMELEAF]             * [* {th:insert}] [100]: org.thymeleaf.standard.processor.StandardInsertTagProcessor
[THYMELEAF]             * [* {th:replace}] [100]: org.thymeleaf.standard.processor.StandardReplaceTagProcessor
[THYMELEAF]             * [* {th:each}] [200]: com.intuit.karate.template.KarateEachTagProcessor
[THYMELEAF]             * [* {th:switch}] [250]: org.thymeleaf.standard.processor.StandardSwitchTagProcessor
[THYMELEAF]             * [* {th:case}] [275]: org.thymeleaf.standard.processor.StandardCaseTagProcessor
[THYMELEAF]             * [* {th:if}] [300]: org.thymeleaf.standard.processor.StandardIfTagProcessor
[THYMELEAF]             * [* {th:unless}] [400]: org.thymeleaf.standard.processor.StandardUnlessTagProcessor
[THYMELEAF]             * [* {th:object}] [500]: org.thymeleaf.standard.processor.StandardObjectTagProcessor
[THYMELEAF]             * [* {th:with}] [600]: com.intuit.karate.template.KarateWithTagProcessor
[THYMELEAF]             * [* {th:inline}] [1000]: org.thymeleaf.standard.processor.StandardInlineTextualTagProcessor
[THYMELEAF]             * [* {th:text}] [1300]: org.thymeleaf.standard.processor.StandardTextTagProcessor
[THYMELEAF]             * [* {th:utext}] [1400]: org.thymeleaf.standard.processor.StandardUtextTagProcessor
[THYMELEAF]             * [* {th:assert}] [1550]: org.thymeleaf.standard.processor.StandardAssertTagProcessor
[THYMELEAF]             * [* {th:remove}] [1600]: org.thymeleaf.standard.processor.StandardRemoveTagProcessor
[THYMELEAF]             * [* 100000] [org.thymeleaf.standard.processor.StandardBlockTagProcessor]: {}
[THYMELEAF]             * [{th:block} *] [100000]: org.thymeleaf.standard.processor.StandardBlockTagProcessor
[THYMELEAF]         * Text Processors by [precedence]:
[THYMELEAF]             * [1000]: org.thymeleaf.standard.processor.StandardInliningTextProcessor
[THYMELEAF]     * Processors for Template Mode: JAVASCRIPT
[THYMELEAF]         * Element Tag Processors by [matching element and attribute name] [precedence]:
[THYMELEAF]             * [* {th:insert}] [100]: org.thymeleaf.standard.processor.StandardInsertTagProcessor
[THYMELEAF]             * [* {th:replace}] [100]: org.thymeleaf.standard.processor.StandardReplaceTagProcessor
[THYMELEAF]             * [* {th:each}] [200]: com.intuit.karate.template.KarateEachTagProcessor
[THYMELEAF]             * [* {th:switch}] [250]: org.thymeleaf.standard.processor.StandardSwitchTagProcessor
[THYMELEAF]             * [* {th:case}] [275]: org.thymeleaf.standard.processor.StandardCaseTagProcessor
[THYMELEAF]             * [* {th:if}] [300]: org.thymeleaf.standard.processor.StandardIfTagProcessor
[THYMELEAF]             * [* {th:unless}] [400]: org.thymeleaf.standard.processor.StandardUnlessTagProcessor
[THYMELEAF]             * [* {th:object}] [500]: org.thymeleaf.standard.processor.StandardObjectTagProcessor
[THYMELEAF]             * [* {th:with}] [600]: com.intuit.karate.template.KarateWithTagProcessor
[THYMELEAF]             * [* {th:inline}] [1000]: org.thymeleaf.standard.processor.StandardInlineTextualTagProcessor
[THYMELEAF]             * [* {th:text}] [1300]: org.thymeleaf.standard.processor.StandardTextTagProcessor
[THYMELEAF]             * [* {th:utext}] [1400]: org.thymeleaf.standard.processor.StandardUtextTagProcessor
[THYMELEAF]             * [* {th:assert}] [1550]: org.thymeleaf.standard.processor.StandardAssertTagProcessor
[THYMELEAF]             * [* {th:remove}] [1600]: org.thymeleaf.standard.processor.StandardRemoveTagProcessor
[THYMELEAF]             * [{th:block} *] [100000]: org.thymeleaf.standard.processor.StandardBlockTagProcessor
[THYMELEAF]             * [* 100000] [org.thymeleaf.standard.processor.StandardBlockTagProcessor]: {}
[THYMELEAF]         * Text Processors by [precedence]:
[THYMELEAF]             * [1000]: org.thymeleaf.standard.processor.StandardInliningTextProcessor
[THYMELEAF]     * Processors for Template Mode: CSS
[THYMELEAF]         * Element Tag Processors by [matching element and attribute name] [precedence]:
[THYMELEAF]             * [* {th:insert}] [100]: org.thymeleaf.standard.processor.StandardInsertTagProcessor
[THYMELEAF]             * [* {th:replace}] [100]: org.thymeleaf.standard.processor.StandardReplaceTagProcessor
[THYMELEAF]             * [* {th:each}] [200]: com.intuit.karate.template.KarateEachTagProcessor
[THYMELEAF]             * [* {th:switch}] [250]: org.thymeleaf.standard.processor.StandardSwitchTagProcessor
[THYMELEAF]             * [* {th:case}] [275]: org.thymeleaf.standard.processor.StandardCaseTagProcessor
[THYMELEAF]             * [* {th:if}] [300]: org.thymeleaf.standard.processor.StandardIfTagProcessor
[THYMELEAF]             * [* {th:unless}] [400]: org.thymeleaf.standard.processor.StandardUnlessTagProcessor
[THYMELEAF]             * [* {th:object}] [500]: org.thymeleaf.standard.processor.StandardObjectTagProcessor
[THYMELEAF]             * [* {th:with}] [600]: com.intuit.karate.template.KarateWithTagProcessor
[THYMELEAF]             * [* {th:inline}] [1000]: org.thymeleaf.standard.processor.StandardInlineTextualTagProcessor
[THYMELEAF]             * [* {th:text}] [1300]: org.thymeleaf.standard.processor.StandardTextTagProcessor
[THYMELEAF]             * [* {th:utext}] [1400]: org.thymeleaf.standard.processor.StandardUtextTagProcessor
[THYMELEAF]             * [* {th:assert}] [1550]: org.thymeleaf.standard.processor.StandardAssertTagProcessor
[THYMELEAF]             * [* {th:remove}] [1600]: org.thymeleaf.standard.processor.StandardRemoveTagProcessor
[THYMELEAF]             * [* 100000] [org.thymeleaf.standard.processor.StandardBlockTagProcessor]: {}
[THYMELEAF]             * [{th:block} *] [100000]: org.thymeleaf.standard.processor.StandardBlockTagProcessor
[THYMELEAF]         * Text Processors by [precedence]:
[THYMELEAF]             * [1000]: org.thymeleaf.standard.processor.StandardInliningTextProcessor
[THYMELEAF]     * Expression Objects:
[THYMELEAF]         * #ctx
[THYMELEAF]         * #root
[THYMELEAF]         * #vars
[THYMELEAF]         * #object
[THYMELEAF]         * #locale
[THYMELEAF]         * #conversions
[THYMELEAF]         * #uris
[THYMELEAF]         * #temporals
[THYMELEAF]         * #calendars
[THYMELEAF]         * #dates
[THYMELEAF]         * #bools
[THYMELEAF]         * #numbers
[THYMELEAF]         * #objects
[THYMELEAF]         * #strings
[THYMELEAF]         * #arrays
[THYMELEAF]         * #lists
[THYMELEAF]         * #sets
[THYMELEAF]         * #maps
[THYMELEAF]         * #aggregates
[THYMELEAF]         * #messages
[THYMELEAF]         * #ids
[THYMELEAF]         * #execInfo
[THYMELEAF]         * #request
[THYMELEAF]         * #response
[THYMELEAF]         * #session
[THYMELEAF]         * #servletContext
[THYMELEAF]     * Execution Attributes:
[THYMELEAF]         * "StandardExpressionParser": com.intuit.karate.template.KarateStandardDialect@5a8dcfbb
[THYMELEAF]         * "StandardJavaScriptSerializer": org.thymeleaf.standard.serializer.StandardJavaScriptSerializer@70c205bf
[THYMELEAF]         * "StandardCSSSerializer": org.thymeleaf.standard.serializer.StandardCSSSerializer@43ab9ae9
[THYMELEAF]         * "StandardVariableExpressionEvaluator": com.intuit.karate.template.KarateStandardDialect@5a8dcfbb
[THYMELEAF]         * "StandardConversionService": org.thymeleaf.standard.expression.StandardConversionService@2520aa05
[THYMELEAF] * Dialect [2 of 2]: karate (com.intuit.karate.template.KarateScriptDialect)
[THYMELEAF]     * Prefix: "ka"
[THYMELEAF]     * Processors for Template Mode: HTML
[THYMELEAF]         * Element Tag Processors by [matching element and attribute name] [precedence]:
[THYMELEAF]             * [* {src}] [1000]: com.intuit.karate.template.KaScriptAttrProcessor
[THYMELEAF]         * Element Model Processors by [matching element and attribute name] [precedence]:
[THYMELEAF]             * [{script} {ka:scope,data-ka-scope}] [1000]: com.intuit.karate.template.KaScriptElemProcessor
[THYMELEAF]             * [* {ka:set,data-ka-set}] [1000]: com.intuit.karate.template.KaSetElemProcessor
[THYMELEAF] TEMPLATE ENGINE CONFIGURED OK
00:01:14.379 [main] DEBUG org.thymeleaf.TemplateEngine - [THYMELEAF] TEMPLATE ENGINE INITIALIZED

HTML report: (paste into browser to view) | Karate version: 1.4.1
file:///C:/Users/Admin/Downloads/karateapi/target/karate-reports/karate-summary.html
===================================================================

]]></system-out>
  </testcase>
</testsuite>